<?xml version="1.0" ?>
<coverage version="7.10.7" timestamp="1777273274542" lines-valid="4705" lines-covered="1280" line-rate="0.2721" branches-covered="0" branches-valid="0" branch-rate="0" complexity="0">
	<!-- Generated by coverage.py: https://coverage.readthedocs.io/en/7.10.7 -->
	<!-- Based on https://raw.githubusercontent.com/cobertura/web/master/htdocs/xml/coverage-04.dtd -->
	<sources>
		<source>/Users/siddhant/Desktop/Resume/MyModels/A_N&amp;L/src</source>
	</sources>
	<packages>
		<package name="agent" line-rate="0.7174" branch-rate="0" complexity="0">
			<classes>
				<class name="__init__.py" filename="agent/__init__.py" complexity="0" line-rate="1" branch-rate="0">
					<methods/>
					<lines>
						<line number="7" hits="1"/>
						<line number="8" hits="1"/>
						<line number="9" hits="1"/>
						<line number="11" hits="1"/>
					</lines>
				</class>
				<class name="executor.py" filename="agent/executor.py" complexity="0" line-rate="0.1875" branch-rate="0">
					<methods/>
					<lines>
						<line number="8" hits="1"/>
						<line number="9" hits="1"/>
						<line number="10" hits="1"/>
						<line number="12" hits="1"/>
						<line number="13" hits="1"/>
						<line number="14" hits="1"/>
						<line number="15" hits="1"/>
						<line number="28" hits="1"/>
						<line number="35" hits="1"/>
						<line number="51" hits="0"/>
						<line number="52" hits="0"/>
						<line number="53" hits="0"/>
						<line number="54" hits="0"/>
						<line number="56" hits="1"/>
						<line number="66" hits="0"/>
						<line number="69" hits="0"/>
						<line number="72" hits="0"/>
						<line number="73" hits="0"/>
						<line number="74" hits="0"/>
						<line number="76" hits="0"/>
						<line number="79" hits="0"/>
						<line number="80" hits="0"/>
						<line number="81" hits="0"/>
						<line number="82" hits="0"/>
						<line number="83" hits="0"/>
						<line number="85" hits="0"/>
						<line number="87" hits="0"/>
						<line number="90" hits="0"/>
						<line number="92" hits="0"/>
						<line number="93" hits="0"/>
						<line number="95" hits="0"/>
						<line number="96" hits="0"/>
						<line number="97" hits="0"/>
						<line number="98" hits="0"/>
						<line number="99" hits="0"/>
						<line number="100" hits="0"/>
						<line number="102" hits="1"/>
						<line number="118" hits="0"/>
						<line number="119" hits="0"/>
						<line number="120" hits="0"/>
						<line number="123" hits="0"/>
						<line number="124" hits="0"/>
						<line number="125" hits="0"/>
						<line number="128" hits="0"/>
						<line number="129" hits="0"/>
						<line number="132" hits="0"/>
						<line number="133" hits="0"/>
						<line number="138" hits="0"/>
						<line number="141" hits="0"/>
						<line number="142" hits="0"/>
						<line number="146" hits="0"/>
						<line number="147" hits="0"/>
						<line number="148" hits="0"/>
						<line number="151" hits="0"/>
						<line number="152" hits="0"/>
						<line number="153" hits="0"/>
						<line number="156" hits="0"/>
						<line number="162" hits="0"/>
						<line number="163" hits="0"/>
						<line number="166" hits="0"/>
						<line number="169" hits="0"/>
						<line number="171" hits="0"/>
						<line number="173" hits="1"/>
						<line number="180" hits="0"/>
					</lines>
				</class>
				<class name="rate_limiter.py" filename="agent/rate_limiter.py" complexity="0" line-rate="1" branch-rate="0">
					<methods/>
					<lines>
						<line number="8" hits="1"/>
						<line number="9" hits="1"/>
						<line number="12" hits="1"/>
						<line number="20" hits="1"/>
						<line number="22" hits="1"/>
						<line number="24" hits="1"/>
						<line number="34" hits="1"/>
						<line number="35" hits="1"/>
						<line number="37" hits="1"/>
						<line number="38" hits="1"/>
						<line number="40" hits="1"/>
						<line number="48" hits="1"/>
						<line number="49" hits="1"/>
						<line number="50" hits="1"/>
						<line number="52" hits="1"/>
						<line number="62" hits="1"/>
						<line number="63" hits="1"/>
						<line number="65" hits="1"/>
						<line number="67" hits="1"/>
						<line number="77" hits="1"/>
						<line number="78" hits="1"/>
						<line number="79" hits="1"/>
						<line number="81" hits="1"/>
						<line number="83" hits="1"/>
						<line number="93" hits="1"/>
						<line number="94" hits="1"/>
						<line number="95" hits="1"/>
						<line number="96" hits="1"/>
						<line number="98" hits="1"/>
						<line number="106" hits="1"/>
						<line number="107" hits="1"/>
						<line number="114" hits="1"/>
						<line number="116" hits="1"/>
						<line number="118" hits="1"/>
						<line number="120" hits="1"/>
						<line number="122" hits="1"/>
						<line number="123" hits="1"/>
						<line number="125" hits="1"/>
						<line number="127" hits="1"/>
						<line number="129" hits="1"/>
						<line number="130" hits="1"/>
						<line number="131" hits="1"/>
						<line number="133" hits="1"/>
						<line number="134" hits="1"/>
						<line number="135" hits="1"/>
						<line number="136" hits="1"/>
						<line number="138" hits="1"/>
					</lines>
				</class>
				<class name="state.py" filename="agent/state.py" complexity="0" line-rate="1" branch-rate="0">
					<methods/>
					<lines>
						<line number="7" hits="1"/>
						<line number="8" hits="1"/>
						<line number="9" hits="1"/>
						<line number="12" hits="1"/>
						<line number="13" hits="1"/>
						<line number="18" hits="1"/>
						<line number="19" hits="1"/>
						<line number="22" hits="1"/>
						<line number="23" hits="1"/>
						<line number="26" hits="1"/>
						<line number="27" hits="1"/>
						<line number="30" hits="1"/>
						<line number="31" hits="1"/>
						<line number="32" hits="1"/>
						<line number="35" hits="1"/>
						<line number="36" hits="1"/>
						<line number="37" hits="1"/>
						<line number="40" hits="1"/>
						<line number="41" hits="1"/>
						<line number="42" hits="1"/>
						<line number="45" hits="1"/>
						<line number="46" hits="1"/>
						<line number="49" hits="1"/>
						<line number="50" hits="1"/>
						<line number="52" hits="1"/>
						<line number="54" hits="1"/>
						<line number="55" hits="1"/>
						<line number="56" hits="1"/>
						<line number="57" hits="1"/>
						<line number="58" hits="1"/>
						<line number="59" hits="1"/>
						<line number="60" hits="1"/>
						<line number="61" hits="1"/>
						<line number="62" hits="1"/>
						<line number="63" hits="1"/>
						<line number="64" hits="1"/>
						<line number="65" hits="1"/>
						<line number="66" hits="1"/>
						<line number="68" hits="1"/>
						<line number="70" hits="1"/>
						<line number="72" hits="1"/>
						<line number="79" hits="1"/>
						<line number="80" hits="1"/>
						<line number="82" hits="1"/>
						<line number="83" hits="1"/>
						<line number="85" hits="1"/>
						<line number="92" hits="1"/>
						<line number="93" hits="1"/>
						<line number="95" hits="1"/>
						<line number="102" hits="1"/>
						<line number="103" hits="1"/>
						<line number="104" hits="1"/>
						<line number="106" hits="1"/>
						<line number="113" hits="1"/>
						<line number="114" hits="1"/>
						<line number="116" hits="1"/>
						<line number="117" hits="1"/>
						<line number="119" hits="1"/>
						<line number="121" hits="1"/>
						<line number="122" hits="1"/>
						<line number="124" hits="1"/>
						<line number="125" hits="1"/>
						<line number="127" hits="1"/>
						<line number="128" hits="1"/>
						<line number="130" hits="1"/>
						<line number="131" hits="1"/>
						<line number="133" hits="1"/>
						<line number="139" hits="1"/>
						<line number="141" hits="1"/>
					</lines>
				</class>
			</classes>
		</package>
		<package name="core" line-rate="0.9494" branch-rate="0" complexity="0">
			<classes>
				<class name="__init__.py" filename="core/__init__.py" complexity="0" line-rate="1" branch-rate="0">
					<methods/>
					<lines/>
				</class>
				<class name="config.py" filename="core/config.py" complexity="0" line-rate="0" branch-rate="0">
					<methods/>
					<lines>
						<line number="1" hits="0"/>
						<line number="4" hits="0"/>
						<line number="5" hits="0"/>
					</lines>
				</class>
				<class name="constants.py" filename="core/constants.py" complexity="0" line-rate="0.9868" branch-rate="0">
					<methods/>
					<lines>
						<line number="8" hits="1"/>
						<line number="9" hits="1"/>
						<line number="15" hits="1"/>
						<line number="16" hits="1"/>
						<line number="17" hits="1"/>
						<line number="18" hits="1"/>
						<line number="20" hits="1"/>
						<line number="26" hits="1"/>
						<line number="27" hits="1"/>
						<line number="28" hits="1"/>
						<line number="29" hits="1"/>
						<line number="30" hits="1"/>
						<line number="31" hits="1"/>
						<line number="32" hits="1"/>
						<line number="33" hits="1"/>
						<line number="39" hits="1"/>
						<line number="40" hits="1"/>
						<line number="41" hits="1"/>
						<line number="47" hits="1"/>
						<line number="48" hits="1"/>
						<line number="54" hits="1"/>
						<line number="55" hits="1"/>
						<line number="56" hits="1"/>
						<line number="63" hits="1"/>
						<line number="64" hits="1"/>
						<line number="67" hits="1"/>
						<line number="68" hits="1"/>
						<line number="69" hits="1"/>
						<line number="72" hits="1"/>
						<line number="79" hits="1"/>
						<line number="90" hits="1"/>
						<line number="91" hits="1"/>
						<line number="92" hits="1"/>
						<line number="99" hits="1"/>
						<line number="100" hits="1"/>
						<line number="101" hits="1"/>
						<line number="102" hits="1"/>
						<line number="105" hits="1"/>
						<line number="106" hits="1"/>
						<line number="107" hits="1"/>
						<line number="108" hits="1"/>
						<line number="111" hits="1"/>
						<line number="112" hits="1"/>
						<line number="113" hits="1"/>
						<line number="114" hits="1"/>
						<line number="121" hits="1"/>
						<line number="122" hits="1"/>
						<line number="123" hits="1"/>
						<line number="124" hits="1"/>
						<line number="125" hits="1"/>
						<line number="128" hits="1"/>
						<line number="129" hits="1"/>
						<line number="130" hits="1"/>
						<line number="131" hits="1"/>
						<line number="132" hits="1"/>
						<line number="133" hits="1"/>
						<line number="136" hits="1"/>
						<line number="150" hits="1"/>
						<line number="159" hits="1"/>
						<line number="167" hits="1"/>
						<line number="178" hits="1"/>
						<line number="191" hits="1"/>
						<line number="202" hits="1"/>
						<line number="212" hits="1"/>
						<line number="214" hits="1"/>
						<line number="215" hits="1"/>
						<line number="216" hits="1"/>
						<line number="217" hits="1"/>
						<line number="218" hits="1"/>
						<line number="219" hits="1"/>
						<line number="221" hits="1"/>
						<line number="224" hits="1"/>
						<line number="235" hits="0"/>
						<line number="238" hits="1"/>
						<line number="248" hits="1"/>
						<line number="254" hits="1"/>
					</lines>
				</class>
			</classes>
		</package>
		<package name="patterns" line-rate="0.5615" branch-rate="0" complexity="0">
			<classes>
				<class name="__init__.py" filename="patterns/__init__.py" complexity="0" line-rate="1" branch-rate="0">
					<methods/>
					<lines>
						<line number="29" hits="1"/>
						<line number="40" hits="1"/>
						<line number="45" hits="1"/>
						<line number="54" hits="1"/>
						<line number="60" hits="1"/>
						<line number="64" hits="1"/>
					</lines>
				</class>
				<class name="input_aware_resolver.py" filename="patterns/input_aware_resolver.py" complexity="0" line-rate="0.3566" branch-rate="0">
					<methods/>
					<lines>
						<line number="11" hits="1"/>
						<line number="12" hits="1"/>
						<line number="13" hits="1"/>
						<line number="14" hits="1"/>
						<line number="15" hits="1"/>
						<line number="18" hits="1"/>
						<line number="19" hits="1"/>
						<line number="20" hits="1"/>
						<line number="21" hits="1"/>
						<line number="22" hits="1"/>
						<line number="23" hits="1"/>
						<line number="24" hits="1"/>
						<line number="25" hits="1"/>
						<line number="26" hits="1"/>
						<line number="27" hits="1"/>
						<line number="30" hits="1"/>
						<line number="31" hits="1"/>
						<line number="32" hits="1"/>
						<line number="33" hits="1"/>
						<line number="34" hits="1"/>
						<line number="35" hits="1"/>
						<line number="38" hits="1"/>
						<line number="39" hits="1"/>
						<line number="40" hits="1"/>
						<line number="41" hits="1"/>
						<line number="42" hits="1"/>
						<line number="43" hits="1"/>
						<line number="44" hits="1"/>
						<line number="46" hits="1"/>
						<line number="47" hits="0"/>
						<line number="48" hits="0"/>
						<line number="51" hits="1"/>
						<line number="54" hits="1"/>
						<line number="61" hits="1"/>
						<line number="62" hits="1"/>
						<line number="63" hits="0"/>
						<line number="64" hits="0"/>
						<line number="65" hits="0"/>
						<line number="67" hits="0"/>
						<line number="68" hits="0"/>
						<line number="69" hits="0"/>
						<line number="70" hits="0"/>
						<line number="71" hits="0"/>
						<line number="72" hits="0"/>
						<line number="73" hits="0"/>
						<line number="74" hits="0"/>
						<line number="75" hits="0"/>
						<line number="77" hits="0"/>
						<line number="79" hits="1"/>
						<line number="80" hits="1"/>
						<line number="81" hits="0"/>
						<line number="82" hits="0"/>
						<line number="83" hits="0"/>
						<line number="84" hits="0"/>
						<line number="87" hits="1"/>
						<line number="90" hits="1"/>
						<line number="91" hits="1"/>
						<line number="92" hits="0"/>
						<line number="93" hits="0"/>
						<line number="94" hits="0"/>
						<line number="95" hits="0"/>
						<line number="96" hits="0"/>
						<line number="97" hits="0"/>
						<line number="98" hits="0"/>
						<line number="99" hits="0"/>
						<line number="101" hits="1"/>
						<line number="102" hits="1"/>
						<line number="103" hits="0"/>
						<line number="104" hits="0"/>
						<line number="105" hits="0"/>
						<line number="106" hits="0"/>
						<line number="108" hits="0"/>
						<line number="109" hits="0"/>
						<line number="111" hits="0"/>
						<line number="112" hits="0"/>
						<line number="113" hits="0"/>
						<line number="116" hits="1"/>
						<line number="121" hits="1"/>
						<line number="144" hits="1"/>
						<line number="145" hits="1"/>
						<line number="146" hits="1"/>
						<line number="148" hits="1"/>
						<line number="155" hits="0"/>
						<line number="156" hits="0"/>
						<line number="163" hits="0"/>
						<line number="164" hits="0"/>
						<line number="165" hits="0"/>
						<line number="172" hits="0"/>
						<line number="173" hits="0"/>
						<line number="180" hits="0"/>
						<line number="182" hits="1"/>
						<line number="188" hits="0"/>
						<line number="190" hits="0"/>
						<line number="191" hits="0"/>
						<line number="192" hits="0"/>
						<line number="199" hits="0"/>
						<line number="200" hits="0"/>
						<line number="201" hits="0"/>
						<line number="202" hits="0"/>
						<line number="203" hits="0"/>
						<line number="204" hits="0"/>
						<line number="211" hits="0"/>
						<line number="212" hits="0"/>
						<line number="213" hits="0"/>
						<line number="220" hits="0"/>
						<line number="221" hits="0"/>
						<line number="222" hits="0"/>
						<line number="224" hits="0"/>
						<line number="225" hits="0"/>
						<line number="226" hits="0"/>
						<line number="227" hits="0"/>
						<line number="229" hits="0"/>
						<line number="231" hits="0"/>
						<line number="232" hits="0"/>
						<line number="233" hits="0"/>
						<line number="235" hits="0"/>
						<line number="236" hits="0"/>
						<line number="244" hits="0"/>
						<line number="252" hits="1"/>
						<line number="253" hits="0"/>
						<line number="254" hits="0"/>
						<line number="255" hits="0"/>
						<line number="256" hits="0"/>
						<line number="258" hits="1"/>
						<line number="259" hits="0"/>
						<line number="260" hits="0"/>
						<line number="261" hits="0"/>
						<line number="262" hits="0"/>
						<line number="263" hits="0"/>
						<line number="264" hits="0"/>
						<line number="266" hits="1"/>
						<line number="267" hits="0"/>
						<line number="269" hits="1"/>
						<line number="275" hits="0"/>
						<line number="276" hits="0"/>
						<line number="277" hits="0"/>
						<line number="278" hits="0"/>
						<line number="279" hits="0"/>
						<line number="280" hits="0"/>
						<line number="281" hits="0"/>
						<line number="282" hits="0"/>
						<line number="283" hits="0"/>
						<line number="284" hits="0"/>
					</lines>
				</class>
				<class name="pattern_learner.py" filename="patterns/pattern_learner.py" complexity="0" line-rate="0.2239" branch-rate="0">
					<methods/>
					<lines>
						<line number="11" hits="1"/>
						<line number="12" hits="1"/>
						<line number="13" hits="1"/>
						<line number="14" hits="1"/>
						<line number="15" hits="1"/>
						<line number="18" hits="1"/>
						<line number="21" hits="1"/>
						<line number="28" hits="1"/>
						<line number="33" hits="1"/>
						<line number="34" hits="1"/>
						<line number="35" hits="0"/>
						<line number="36" hits="0"/>
						<line number="37" hits="0"/>
						<line number="39" hits="0"/>
						<line number="40" hits="0"/>
						<line number="41" hits="0"/>
						<line number="43" hits="0"/>
						<line number="44" hits="0"/>
						<line number="45" hits="0"/>
						<line number="47" hits="0"/>
						<line number="48" hits="0"/>
						<line number="50" hits="0"/>
						<line number="52" hits="1"/>
						<line number="53" hits="1"/>
						<line number="54" hits="0"/>
						<line number="55" hits="0"/>
						<line number="56" hits="0"/>
						<line number="58" hits="0"/>
						<line number="59" hits="0"/>
						<line number="60" hits="0"/>
						<line number="62" hits="0"/>
						<line number="63" hits="0"/>
						<line number="64" hits="0"/>
						<line number="66" hits="0"/>
						<line number="75" hits="0"/>
						<line number="76" hits="0"/>
						<line number="77" hits="0"/>
						<line number="79" hits="0"/>
						<line number="82" hits="1"/>
						<line number="87" hits="1"/>
						<line number="88" hits="1"/>
						<line number="89" hits="1"/>
						<line number="90" hits="1"/>
						<line number="92" hits="1"/>
						<line number="99" hits="0"/>
						<line number="100" hits="0"/>
						<line number="102" hits="0"/>
						<line number="104" hits="0"/>
						<line number="106" hits="0"/>
						<line number="107" hits="0"/>
						<line number="109" hits="0"/>
						<line number="110" hits="0"/>
						<line number="112" hits="0"/>
						<line number="113" hits="0"/>
						<line number="115" hits="0"/>
						<line number="116" hits="0"/>
						<line number="117" hits="0"/>
						<line number="119" hits="0"/>
						<line number="121" hits="0"/>
						<line number="123" hits="1"/>
						<line number="124" hits="0"/>
						<line number="125" hits="0"/>
						<line number="126" hits="0"/>
						<line number="128" hits="0"/>
						<line number="129" hits="0"/>
						<line number="130" hits="0"/>
						<line number="132" hits="0"/>
						<line number="133" hits="0"/>
						<line number="134" hits="0"/>
						<line number="135" hits="0"/>
						<line number="137" hits="0"/>
						<line number="139" hits="1"/>
						<line number="140" hits="0"/>
						<line number="141" hits="0"/>
						<line number="142" hits="0"/>
						<line number="143" hits="0"/>
						<line number="145" hits="0"/>
						<line number="146" hits="0"/>
						<line number="147" hits="0"/>
						<line number="148" hits="0"/>
						<line number="149" hits="0"/>
						<line number="151" hits="0"/>
						<line number="152" hits="0"/>
						<line number="154" hits="1"/>
						<line number="155" hits="0"/>
						<line number="156" hits="0"/>
						<line number="158" hits="1"/>
						<line number="159" hits="0"/>
						<line number="165" hits="1"/>
						<line number="166" hits="0"/>
						<line number="167" hits="0"/>
						<line number="168" hits="0"/>
						<line number="169" hits="0"/>
						<line number="170" hits="0"/>
						<line number="172" hits="0"/>
						<line number="173" hits="0"/>
						<line number="174" hits="0"/>
						<line number="175" hits="0"/>
						<line number="176" hits="0"/>
						<line number="177" hits="0"/>
						<line number="178" hits="0"/>
						<line number="181" hits="1"/>
						<line number="184" hits="1"/>
						<line number="185" hits="0"/>
						<line number="187" hits="1"/>
						<line number="194" hits="0"/>
						<line number="196" hits="0"/>
						<line number="197" hits="0"/>
						<line number="199" hits="0"/>
						<line number="200" hits="0"/>
						<line number="202" hits="0"/>
						<line number="210" hits="0"/>
						<line number="211" hits="0"/>
						<line number="212" hits="0"/>
						<line number="214" hits="1"/>
						<line number="220" hits="0"/>
						<line number="222" hits="0"/>
						<line number="223" hits="0"/>
						<line number="225" hits="0"/>
						<line number="227" hits="0"/>
						<line number="228" hits="0"/>
						<line number="229" hits="0"/>
						<line number="230" hits="0"/>
						<line number="231" hits="0"/>
						<line number="232" hits="0"/>
						<line number="233" hits="0"/>
						<line number="235" hits="0"/>
						<line number="237" hits="1"/>
						<line number="238" hits="0"/>
						<line number="240" hits="1"/>
						<line number="241" hits="0"/>
						<line number="246" hits="1"/>
						<line number="247" hits="0"/>
						<line number="248" hits="0"/>
					</lines>
				</class>
				<class name="pattern_loader.py" filename="patterns/pattern_loader.py" complexity="0" line-rate="0.8505" branch-rate="0">
					<methods/>
					<lines>
						<line number="9" hits="1"/>
						<line number="10" hits="1"/>
						<line number="11" hits="1"/>
						<line number="12" hits="1"/>
						<line number="15" hits="1"/>
						<line number="17" hits="1"/>
						<line number="20" hits="1"/>
						<line number="22" hits="1"/>
						<line number="25" hits="1"/>
						<line number="38" hits="1"/>
						<line number="39" hits="1"/>
						<line number="41" hits="1"/>
						<line number="42" hits="1"/>
						<line number="43" hits="1"/>
						<line number="44" hits="1"/>
						<line number="45" hits="1"/>
						<line number="46" hits="0"/>
						<line number="47" hits="0"/>
						<line number="49" hits="1"/>
						<line number="52" hits="1"/>
						<line number="62" hits="1"/>
						<line number="65" hits="1"/>
						<line number="66" hits="1"/>
						<line number="67" hits="1"/>
						<line number="69" hits="1"/>
						<line number="70" hits="1"/>
						<line number="71" hits="1"/>
						<line number="74" hits="1"/>
						<line number="75" hits="1"/>
						<line number="76" hits="0"/>
						<line number="77" hits="0"/>
						<line number="80" hits="1"/>
						<line number="81" hits="0"/>
						<line number="82" hits="1"/>
						<line number="83" hits="1"/>
						<line number="85" hits="1"/>
						<line number="86" hits="1"/>
						<line number="88" hits="1"/>
						<line number="89" hits="1"/>
						<line number="91" hits="1"/>
						<line number="94" hits="1"/>
						<line number="105" hits="1"/>
						<line number="106" hits="1"/>
						<line number="108" hits="1"/>
						<line number="111" hits="1"/>
						<line number="122" hits="1"/>
						<line number="123" hits="1"/>
						<line number="125" hits="1"/>
						<line number="132" hits="1"/>
						<line number="142" hits="1"/>
						<line number="143" hits="1"/>
						<line number="145" hits="1"/>
						<line number="146" hits="1"/>
						<line number="147" hits="1"/>
						<line number="148" hits="1"/>
						<line number="150" hits="1"/>
						<line number="153" hits="1"/>
						<line number="164" hits="1"/>
						<line number="165" hits="1"/>
						<line number="166" hits="1"/>
						<line number="167" hits="1"/>
						<line number="170" hits="1"/>
						<line number="181" hits="0"/>
						<line number="182" hits="0"/>
						<line number="183" hits="0"/>
						<line number="184" hits="0"/>
						<line number="187" hits="1"/>
						<line number="195" hits="1"/>
						<line number="202" hits="1"/>
						<line number="204" hits="1"/>
						<line number="205" hits="1"/>
						<line number="207" hits="1"/>
						<line number="208" hits="1"/>
						<line number="209" hits="1"/>
						<line number="211" hits="1"/>
						<line number="225" hits="1"/>
						<line number="226" hits="1"/>
						<line number="228" hits="1"/>
						<line number="229" hits="1"/>
						<line number="231" hits="1"/>
						<line number="232" hits="1"/>
						<line number="233" hits="1"/>
						<line number="235" hits="1"/>
						<line number="237" hits="1"/>
						<line number="239" hits="1"/>
						<line number="240" hits="1"/>
						<line number="241" hits="1"/>
						<line number="243" hits="1"/>
						<line number="245" hits="0"/>
						<line number="246" hits="0"/>
						<line number="247" hits="0"/>
						<line number="249" hits="1"/>
						<line number="251" hits="1"/>
						<line number="252" hits="1"/>
						<line number="253" hits="1"/>
						<line number="255" hits="1"/>
						<line number="257" hits="0"/>
						<line number="258" hits="0"/>
						<line number="259" hits="0"/>
						<line number="261" hits="1"/>
						<line number="262" hits="1"/>
						<line number="264" hits="1"/>
						<line number="266" hits="1"/>
						<line number="267" hits="1"/>
						<line number="269" hits="1"/>
						<line number="273" hits="1"/>
						<line number="283" hits="0"/>
					</lines>
				</class>
				<class name="pattern_matcher.py" filename="patterns/pattern_matcher.py" complexity="0" line-rate="0.9796" branch-rate="0">
					<methods/>
					<lines>
						<line number="8" hits="1"/>
						<line number="9" hits="1"/>
						<line number="10" hits="1"/>
						<line number="12" hits="1"/>
						<line number="15" hits="1"/>
						<line number="23" hits="1"/>
						<line number="25" hits="1"/>
						<line number="33" hits="1"/>
						<line number="34" hits="1"/>
						<line number="35" hits="1"/>
						<line number="36" hits="1"/>
						<line number="38" hits="1"/>
						<line number="40" hits="1"/>
						<line number="41" hits="0"/>
						<line number="43" hits="1"/>
						<line number="44" hits="1"/>
						<line number="45" hits="1"/>
						<line number="47" hits="1"/>
						<line number="58" hits="1"/>
						<line number="61" hits="1"/>
						<line number="64" hits="1"/>
						<line number="66" hits="1"/>
						<line number="68" hits="1"/>
						<line number="79" hits="1"/>
						<line number="81" hits="1"/>
						<line number="93" hits="1"/>
						<line number="96" hits="1"/>
						<line number="116" hits="1"/>
						<line number="117" hits="1"/>
						<line number="119" hits="1"/>
						<line number="120" hits="1"/>
						<line number="121" hits="1"/>
						<line number="122" hits="1"/>
						<line number="123" hits="1"/>
						<line number="126" hits="1"/>
						<line number="127" hits="1"/>
						<line number="128" hits="1"/>
						<line number="129" hits="1"/>
						<line number="131" hits="1"/>
						<line number="132" hits="1"/>
						<line number="133" hits="1"/>
						<line number="134" hits="1"/>
						<line number="137" hits="1"/>
						<line number="138" hits="1"/>
						<line number="142" hits="1"/>
						<line number="143" hits="1"/>
						<line number="144" hits="1"/>
						<line number="146" hits="1"/>
						<line number="147" hits="1"/>
						<line number="149" hits="1"/>
						<line number="151" hits="1"/>
						<line number="162" hits="1"/>
						<line number="163" hits="1"/>
						<line number="165" hits="1"/>
						<line number="168" hits="1"/>
						<line number="169" hits="1"/>
						<line number="170" hits="1"/>
						<line number="173" hits="1"/>
						<line number="174" hits="1"/>
						<line number="176" hits="1"/>
						<line number="177" hits="1"/>
						<line number="178" hits="1"/>
						<line number="181" hits="1"/>
						<line number="187" hits="1"/>
						<line number="188" hits="1"/>
						<line number="190" hits="1"/>
						<line number="191" hits="1"/>
						<line number="192" hits="1"/>
						<line number="193" hits="1"/>
						<line number="194" hits="1"/>
						<line number="196" hits="1"/>
						<line number="198" hits="1"/>
						<line number="212" hits="1"/>
						<line number="214" hits="1"/>
						<line number="221" hits="1"/>
						<line number="232" hits="1"/>
						<line number="233" hits="1"/>
						<line number="235" hits="1"/>
						<line number="236" hits="1"/>
						<line number="237" hits="1"/>
						<line number="238" hits="0"/>
						<line number="240" hits="1"/>
						<line number="241" hits="1"/>
						<line number="242" hits="1"/>
						<line number="243" hits="1"/>
						<line number="247" hits="1"/>
						<line number="249" hits="1"/>
						<line number="250" hits="1"/>
						<line number="257" hits="1"/>
						<line number="258" hits="1"/>
						<line number="260" hits="1"/>
						<line number="267" hits="1"/>
						<line number="268" hits="1"/>
						<line number="269" hits="1"/>
						<line number="272" hits="1"/>
						<line number="283" hits="1"/>
						<line number="284" hits="1"/>
						<line number="285" hits="1"/>
					</lines>
				</class>
			</classes>
		</package>
		<package name="platforms" line-rate="0.6389" branch-rate="0" complexity="0">
			<classes>
				<class name="__init__.py" filename="platforms/__init__.py" complexity="0" line-rate="1" branch-rate="0">
					<methods/>
					<lines>
						<line number="7" hits="1"/>
						<line number="9" hits="1"/>
					</lines>
				</class>
				<class name="base_platform.py" filename="platforms/base_platform.py" complexity="0" line-rate="0.6176" branch-rate="0">
					<methods/>
					<lines>
						<line number="7" hits="1"/>
						<line number="8" hits="1"/>
						<line number="9" hits="1"/>
						<line number="12" hits="1"/>
						<line number="20" hits="1"/>
						<line number="27" hits="0"/>
						<line number="28" hits="0"/>
						<line number="30" hits="1"/>
						<line number="31" hits="1"/>
						<line number="32" hits="1"/>
						<line number="39" hits="0"/>
						<line number="41" hits="1"/>
						<line number="42" hits="1"/>
						<line number="52" hits="0"/>
						<line number="54" hits="1"/>
						<line number="55" hits="1"/>
						<line number="65" hits="0"/>
						<line number="67" hits="1"/>
						<line number="68" hits="1"/>
						<line number="79" hits="0"/>
						<line number="81" hits="1"/>
						<line number="82" hits="1"/>
						<line number="93" hits="0"/>
						<line number="95" hits="1"/>
						<line number="96" hits="1"/>
						<line number="103" hits="0"/>
						<line number="105" hits="1"/>
						<line number="112" hits="0"/>
						<line number="113" hits="0"/>
						<line number="114" hits="0"/>
						<line number="116" hits="1"/>
						<line number="127" hits="0"/>
						<line number="129" hits="1"/>
						<line number="140" hits="0"/>
					</lines>
				</class>
			</classes>
		</package>
		<package name="platforms.instahyre" line-rate="1" branch-rate="0" complexity="0">
			<classes>
				<class name="__init__.py" filename="platforms/instahyre/__init__.py" complexity="0" line-rate="1" branch-rate="0">
					<methods/>
					<lines/>
				</class>
			</classes>
		</package>
		<package name="platforms.linkedin" line-rate="1" branch-rate="0" complexity="0">
			<classes>
				<class name="__init__.py" filename="platforms/linkedin/__init__.py" complexity="0" line-rate="1" branch-rate="0">
					<methods/>
					<lines/>
				</class>
			</classes>
		</package>
		<package name="platforms.naukri" line-rate="1" branch-rate="0" complexity="0">
			<classes>
				<class name="__init__.py" filename="platforms/naukri/__init__.py" complexity="0" line-rate="1" branch-rate="0">
					<methods/>
					<lines/>
				</class>
			</classes>
		</package>
		<package name="sentinel" line-rate="0.1981" branch-rate="0" complexity="0">
			<classes>
				<class name="__init__.py" filename="sentinel/__init__.py" complexity="0" line-rate="1" branch-rate="0">
					<methods/>
					<lines>
						<line number="7" hits="1"/>
						<line number="16" hits="1"/>
						<line number="27" hits="1"/>
						<line number="35" hits="1"/>
						<line number="36" hits="1"/>
						<line number="38" hits="1"/>
					</lines>
				</class>
				<class name="agent.py" filename="sentinel/agent.py" complexity="0" line-rate="0.07503" branch-rate="0">
					<methods/>
					<lines>
						<line number="1" hits="1"/>
						<line number="2" hits="1"/>
						<line number="3" hits="1"/>
						<line number="4" hits="1"/>
						<line number="5" hits="1"/>
						<line number="6" hits="1"/>
						<line number="7" hits="1"/>
						<line number="8" hits="1"/>
						<line number="9" hits="1"/>
						<line number="11" hits="1"/>
						<line number="14" hits="1"/>
						<line number="15" hits="1"/>
						<line number="18" hits="1"/>
						<line number="25" hits="1"/>
						<line number="28" hits="1"/>
						<line number="29" hits="1"/>
						<line number="33" hits="1"/>
						<line number="1764" hits="1"/>
						<line number="1765" hits="1"/>
						<line number="1768" hits="1"/>
						<line number="1774" hits="1"/>
						<line number="1775" hits="1"/>
						<line number="1776" hits="1"/>
						<line number="1777" hits="1"/>
						<line number="1778" hits="1"/>
						<line number="1779" hits="1"/>
						<line number="1780" hits="1"/>
						<line number="1782" hits="1"/>
						<line number="1783" hits="1"/>
						<line number="1784" hits="1"/>
						<line number="1785" hits="1"/>
						<line number="1786" hits="1"/>
						<line number="1787" hits="1"/>
						<line number="1788" hits="1"/>
						<line number="1789" hits="1"/>
						<line number="1790" hits="1"/>
						<line number="1791" hits="1"/>
						<line number="1792" hits="1"/>
						<line number="1793" hits="1"/>
						<line number="1794" hits="1"/>
						<line number="1795" hits="1"/>
						<line number="1796" hits="1"/>
						<line number="1799" hits="1"/>
						<line number="1813" hits="1"/>
						<line number="1814" hits="1"/>
						<line number="1817" hits="1"/>
						<line number="1818" hits="1"/>
						<line number="1819" hits="1"/>
						<line number="1822" hits="1"/>
						<line number="1823" hits="1"/>
						<line number="1824" hits="1"/>
						<line number="1825" hits="1"/>
						<line number="1826" hits="1"/>
						<line number="1828" hits="1"/>
						<line number="1830" hits="0"/>
						<line number="1831" hits="0"/>
						<line number="1832" hits="0"/>
						<line number="1836" hits="0"/>
						<line number="1842" hits="1"/>
						<line number="1854" hits="0"/>
						<line number="1856" hits="0"/>
						<line number="1859" hits="0"/>
						<line number="1871" hits="0"/>
						<line number="1874" hits="0"/>
						<line number="1875" hits="0"/>
						<line number="1876" hits="0"/>
						<line number="1878" hits="0"/>
						<line number="1879" hits="0"/>
						<line number="1880" hits="0"/>
						<line number="1881" hits="0"/>
						<line number="1882" hits="0"/>
						<line number="1883" hits="0"/>
						<line number="1886" hits="0"/>
						<line number="1888" hits="0"/>
						<line number="1893" hits="0"/>
						<line number="1896" hits="0"/>
						<line number="1897" hits="0"/>
						<line number="1899" hits="0"/>
						<line number="1901" hits="1"/>
						<line number="1903" hits="1"/>
						<line number="1904" hits="1"/>
						<line number="1905" hits="0"/>
						<line number="1906" hits="0"/>
						<line number="1907" hits="0"/>
						<line number="1908" hits="0"/>
						<line number="1909" hits="0"/>
						<line number="1910" hits="0"/>
						<line number="1911" hits="0"/>
						<line number="1912" hits="0"/>
						<line number="1913" hits="0"/>
						<line number="1914" hits="1"/>
						<line number="1916" hits="1"/>
						<line number="1918" hits="1"/>
						<line number="1919" hits="1"/>
						<line number="1920" hits="1"/>
						<line number="1922" hits="1"/>
						<line number="1924" hits="0"/>
						<line number="1925" hits="0"/>
						<line number="1926" hits="0"/>
						<line number="1927" hits="0"/>
						<line number="1928" hits="0"/>
						<line number="1929" hits="0"/>
						<line number="1930" hits="0"/>
						<line number="1932" hits="1"/>
						<line number="1934" hits="0"/>
						<line number="1935" hits="0"/>
						<line number="1936" hits="0"/>
						<line number="1938" hits="1"/>
						<line number="1940" hits="0"/>
						<line number="1941" hits="0"/>
						<line number="1942" hits="0"/>
						<line number="1943" hits="0"/>
						<line number="1945" hits="0"/>
						<line number="1946" hits="0"/>
						<line number="1948" hits="0"/>
						<line number="1949" hits="0"/>
						<line number="1950" hits="0"/>
						<line number="1951" hits="0"/>
						<line number="1952" hits="0"/>
						<line number="1953" hits="0"/>
						<line number="1954" hits="0"/>
						<line number="1956" hits="1"/>
						<line number="1959" hits="1"/>
						<line number="1961" hits="1"/>
						<line number="1962" hits="1"/>
						<line number="1963" hits="1"/>
						<line number="1964" hits="1"/>
						<line number="1969" hits="1"/>
						<line number="1970" hits="1"/>
						<line number="1971" hits="0"/>
						<line number="1977" hits="1"/>
						<line number="1978" hits="1"/>
						<line number="1979" hits="1"/>
						<line number="1980" hits="1"/>
						<line number="1982" hits="1"/>
						<line number="1983" hits="1"/>
						<line number="1984" hits="1"/>
						<line number="1985" hits="1"/>
						<line number="1986" hits="0"/>
						<line number="1988" hits="1"/>
						<line number="1989" hits="1"/>
						<line number="1991" hits="1"/>
						<line number="1992" hits="1"/>
						<line number="1998" hits="0"/>
						<line number="1999" hits="0"/>
						<line number="2000" hits="0"/>
						<line number="2001" hits="0"/>
						<line number="2009" hits="0"/>
						<line number="2010" hits="0"/>
						<line number="2011" hits="0"/>
						<line number="2012" hits="0"/>
						<line number="2015" hits="0"/>
						<line number="2016" hits="0"/>
						<line number="2019" hits="0"/>
						<line number="2020" hits="0"/>
						<line number="2023" hits="0"/>
						<line number="2024" hits="0"/>
						<line number="2027" hits="0"/>
						<line number="2028" hits="0"/>
						<line number="2031" hits="0"/>
						<line number="2032" hits="0"/>
						<line number="2035" hits="0"/>
						<line number="2036" hits="0"/>
						<line number="2039" hits="0"/>
						<line number="2040" hits="0"/>
						<line number="2041" hits="0"/>
						<line number="2042" hits="0"/>
						<line number="2045" hits="0"/>
						<line number="2046" hits="0"/>
						<line number="2049" hits="0"/>
						<line number="2050" hits="0"/>
						<line number="2053" hits="0"/>
						<line number="2054" hits="0"/>
						<line number="2057" hits="0"/>
						<line number="2058" hits="0"/>
						<line number="2061" hits="0"/>
						<line number="2062" hits="0"/>
						<line number="2065" hits="0"/>
						<line number="2066" hits="0"/>
						<line number="2069" hits="0"/>
						<line number="2070" hits="0"/>
						<line number="2073" hits="0"/>
						<line number="2074" hits="0"/>
						<line number="2077" hits="0"/>
						<line number="2080" hits="0"/>
						<line number="2081" hits="0"/>
						<line number="2089" hits="0"/>
						<line number="2090" hits="0"/>
						<line number="2091" hits="0"/>
						<line number="2092" hits="0"/>
						<line number="2094" hits="0"/>
						<line number="2095" hits="0"/>
						<line number="2096" hits="0"/>
						<line number="2099" hits="0"/>
						<line number="2100" hits="0"/>
						<line number="2101" hits="0"/>
						<line number="2102" hits="0"/>
						<line number="2103" hits="0"/>
						<line number="2104" hits="0"/>
						<line number="2105" hits="0"/>
						<line number="2108" hits="0"/>
						<line number="2109" hits="0"/>
						<line number="2110" hits="0"/>
						<line number="2111" hits="0"/>
						<line number="2112" hits="0"/>
						<line number="2113" hits="0"/>
						<line number="2115" hits="0"/>
						<line number="2118" hits="0"/>
						<line number="2119" hits="0"/>
						<line number="2120" hits="0"/>
						<line number="2123" hits="0"/>
						<line number="2124" hits="0"/>
						<line number="2126" hits="0"/>
						<line number="2127" hits="0"/>
						<line number="2128" hits="0"/>
						<line number="2131" hits="0"/>
						<line number="2133" hits="0"/>
						<line number="2134" hits="0"/>
						<line number="2135" hits="0"/>
						<line number="2139" hits="0"/>
						<line number="2140" hits="0"/>
						<line number="2141" hits="0"/>
						<line number="2144" hits="0"/>
						<line number="2145" hits="0"/>
						<line number="2146" hits="0"/>
						<line number="2149" hits="0"/>
						<line number="2150" hits="0"/>
						<line number="2155" hits="0"/>
						<line number="2156" hits="0"/>
						<line number="2159" hits="0"/>
						<line number="2160" hits="0"/>
						<line number="2163" hits="0"/>
						<line number="2166" hits="0"/>
						<line number="2169" hits="0"/>
						<line number="2170" hits="0"/>
						<line number="2173" hits="0"/>
						<line number="2174" hits="0"/>
						<line number="2177" hits="0"/>
						<line number="2178" hits="0"/>
						<line number="2180" hits="0"/>
						<line number="2181" hits="0"/>
						<line number="2183" hits="0"/>
						<line number="2184" hits="0"/>
						<line number="2186" hits="0"/>
						<line number="2187" hits="0"/>
						<line number="2189" hits="0"/>
						<line number="2190" hits="0"/>
						<line number="2193" hits="0"/>
						<line number="2194" hits="0"/>
						<line number="2196" hits="0"/>
						<line number="2197" hits="0"/>
						<line number="2200" hits="0"/>
						<line number="2201" hits="0"/>
						<line number="2204" hits="0"/>
						<line number="2206" hits="0"/>
						<line number="2207" hits="0"/>
						<line number="2209" hits="0"/>
						<line number="2210" hits="0"/>
						<line number="2211" hits="0"/>
						<line number="2212" hits="0"/>
						<line number="2213" hits="0"/>
						<line number="2214" hits="0"/>
						<line number="2215" hits="0"/>
						<line number="2216" hits="0"/>
						<line number="2217" hits="0"/>
						<line number="2218" hits="0"/>
						<line number="2219" hits="0"/>
						<line number="2220" hits="0"/>
						<line number="2221" hits="0"/>
						<line number="2224" hits="0"/>
						<line number="2225" hits="0"/>
						<line number="2228" hits="0"/>
						<line number="2229" hits="0"/>
						<line number="2232" hits="0"/>
						<line number="2233" hits="0"/>
						<line number="2236" hits="0"/>
						<line number="2237" hits="0"/>
						<line number="2240" hits="0"/>
						<line number="2241" hits="0"/>
						<line number="2242" hits="0"/>
						<line number="2243" hits="0"/>
						<line number="2246" hits="0"/>
						<line number="2248" hits="0"/>
						<line number="2249" hits="0"/>
						<line number="2250" hits="0"/>
						<line number="2251" hits="0"/>
						<line number="2254" hits="0"/>
						<line number="2255" hits="0"/>
						<line number="2256" hits="0"/>
						<line number="2257" hits="0"/>
						<line number="2259" hits="0"/>
						<line number="2262" hits="0"/>
						<line number="2263" hits="0"/>
						<line number="2265" hits="0"/>
						<line number="2266" hits="0"/>
						<line number="2268" hits="0"/>
						<line number="2269" hits="0"/>
						<line number="2270" hits="0"/>
						<line number="2272" hits="0"/>
						<line number="2273" hits="0"/>
						<line number="2275" hits="0"/>
						<line number="2276" hits="0"/>
						<line number="2278" hits="0"/>
						<line number="2280" hits="0"/>
						<line number="2282" hits="0"/>
						<line number="2284" hits="0"/>
						<line number="2285" hits="0"/>
						<line number="2286" hits="0"/>
						<line number="2287" hits="0"/>
						<line number="2288" hits="0"/>
						<line number="2289" hits="0"/>
						<line number="2290" hits="0"/>
						<line number="2294" hits="0"/>
						<line number="2295" hits="0"/>
						<line number="2296" hits="0"/>
						<line number="2297" hits="0"/>
						<line number="2298" hits="0"/>
						<line number="2299" hits="0"/>
						<line number="2301" hits="0"/>
						<line number="2303" hits="0"/>
						<line number="2304" hits="0"/>
						<line number="2305" hits="0"/>
						<line number="2306" hits="0"/>
						<line number="2312" hits="0"/>
						<line number="2313" hits="0"/>
						<line number="2316" hits="0"/>
						<line number="2317" hits="0"/>
						<line number="2320" hits="0"/>
						<line number="2323" hits="0"/>
						<line number="2324" hits="0"/>
						<line number="2327" hits="0"/>
						<line number="2328" hits="0"/>
						<line number="2329" hits="0"/>
						<line number="2332" hits="0"/>
						<line number="2333" hits="0"/>
						<line number="2336" hits="0"/>
						<line number="2338" hits="0"/>
						<line number="2339" hits="0"/>
						<line number="2340" hits="0"/>
						<line number="2343" hits="0"/>
						<line number="2345" hits="0"/>
						<line number="2348" hits="0"/>
						<line number="2354" hits="0"/>
						<line number="2355" hits="0"/>
						<line number="2357" hits="0"/>
						<line number="2360" hits="0"/>
						<line number="2362" hits="0"/>
						<line number="2363" hits="0"/>
						<line number="2364" hits="0"/>
						<line number="2365" hits="0"/>
						<line number="2366" hits="0"/>
						<line number="2368" hits="0"/>
						<line number="2370" hits="1"/>
						<line number="2383" hits="0"/>
						<line number="2384" hits="0"/>
						<line number="2386" hits="0"/>
						<line number="2388" hits="0"/>
						<line number="2389" hits="0"/>
						<line number="2390" hits="0"/>
						<line number="2393" hits="0"/>
						<line number="2394" hits="0"/>
						<line number="2395" hits="0"/>
						<line number="2398" hits="0"/>
						<line number="2399" hits="0"/>
						<line number="2401" hits="0"/>
						<line number="2403" hits="0"/>
						<line number="2404" hits="0"/>
						<line number="2405" hits="0"/>
						<line number="2406" hits="0"/>
						<line number="2407" hits="0"/>
						<line number="2409" hits="0"/>
						<line number="2411" hits="0"/>
						<line number="2412" hits="0"/>
						<line number="2413" hits="0"/>
						<line number="2414" hits="0"/>
						<line number="2415" hits="0"/>
						<line number="2417" hits="0"/>
						<line number="2419" hits="0"/>
						<line number="2420" hits="0"/>
						<line number="2421" hits="0"/>
						<line number="2422" hits="0"/>
						<line number="2423" hits="0"/>
						<line number="2425" hits="0"/>
						<line number="2427" hits="0"/>
						<line number="2428" hits="0"/>
						<line number="2429" hits="0"/>
						<line number="2430" hits="0"/>
						<line number="2431" hits="0"/>
						<line number="2432" hits="0"/>
						<line number="2434" hits="0"/>
						<line number="2435" hits="0"/>
						<line number="2437" hits="0"/>
						<line number="2439" hits="0"/>
						<line number="2440" hits="0"/>
						<line number="2442" hits="0"/>
						<line number="2443" hits="0"/>
						<line number="2444" hits="0"/>
						<line number="2445" hits="0"/>
						<line number="2446" hits="0"/>
						<line number="2447" hits="0"/>
						<line number="2448" hits="0"/>
						<line number="2449" hits="0"/>
						<line number="2450" hits="0"/>
						<line number="2452" hits="0"/>
						<line number="2454" hits="0"/>
						<line number="2455" hits="0"/>
						<line number="2456" hits="0"/>
						<line number="2457" hits="0"/>
						<line number="2458" hits="0"/>
						<line number="2459" hits="0"/>
						<line number="2462" hits="0"/>
						<line number="2463" hits="0"/>
						<line number="2464" hits="0"/>
						<line number="2467" hits="0"/>
						<line number="2469" hits="0"/>
						<line number="2470" hits="0"/>
						<line number="2471" hits="0"/>
						<line number="2473" hits="1"/>
						<line number="2490" hits="0"/>
						<line number="2491" hits="0"/>
						<line number="2493" hits="0"/>
						<line number="2495" hits="0"/>
						<line number="2502" hits="0"/>
						<line number="2503" hits="0"/>
						<line number="2505" hits="0"/>
						<line number="2507" hits="1"/>
						<line number="2517" hits="0"/>
						<line number="2518" hits="0"/>
						<line number="2519" hits="0"/>
						<line number="2522" hits="0"/>
						<line number="2523" hits="0"/>
						<line number="2524" hits="0"/>
						<line number="2526" hits="0"/>
						<line number="2528" hits="1"/>
						<line number="2536" hits="0"/>
						<line number="2537" hits="0"/>
						<line number="2539" hits="0"/>
						<line number="2540" hits="0"/>
						<line number="2543" hits="0"/>
						<line number="2545" hits="0"/>
						<line number="2546" hits="0"/>
						<line number="2548" hits="0"/>
						<line number="2549" hits="0"/>
						<line number="2552" hits="0"/>
						<line number="2553" hits="0"/>
						<line number="2554" hits="0"/>
						<line number="2555" hits="0"/>
						<line number="2557" hits="0"/>
						<line number="2558" hits="0"/>
						<line number="2559" hits="0"/>
						<line number="2560" hits="0"/>
						<line number="2563" hits="0"/>
						<line number="2564" hits="0"/>
						<line number="2569" hits="0"/>
						<line number="2570" hits="0"/>
						<line number="2571" hits="0"/>
						<line number="2573" hits="0"/>
						<line number="2575" hits="0"/>
						<line number="2576" hits="0"/>
						<line number="2639" hits="0"/>
						<line number="2640" hits="0"/>
						<line number="2641" hits="0"/>
						<line number="2642" hits="0"/>
						<line number="2644" hits="0"/>
						<line number="2645" hits="0"/>
						<line number="2646" hits="0"/>
						<line number="2648" hits="0"/>
						<line number="2650" hits="1"/>
						<line number="2654" hits="0"/>
						<line number="2656" hits="0"/>
						<line number="2657" hits="0"/>
						<line number="2658" hits="0"/>
						<line number="2659" hits="0"/>
						<line number="2661" hits="0"/>
						<line number="2662" hits="0"/>
						<line number="2663" hits="0"/>
						<line number="2664" hits="0"/>
						<line number="2665" hits="0"/>
						<line number="2666" hits="0"/>
						<line number="2667" hits="0"/>
						<line number="2668" hits="0"/>
						<line number="2669" hits="0"/>
						<line number="2670" hits="0"/>
						<line number="2672" hits="0"/>
						<line number="2673" hits="0"/>
						<line number="2675" hits="0"/>
						<line number="2676" hits="0"/>
						<line number="2677" hits="0"/>
						<line number="2679" hits="1"/>
						<line number="2683" hits="0"/>
						<line number="2685" hits="0"/>
						<line number="2686" hits="0"/>
						<line number="2687" hits="0"/>
						<line number="2688" hits="0"/>
						<line number="2690" hits="0"/>
						<line number="2691" hits="0"/>
						<line number="2692" hits="0"/>
						<line number="2693" hits="0"/>
						<line number="2694" hits="0"/>
						<line number="2695" hits="0"/>
						<line number="2696" hits="0"/>
						<line number="2697" hits="0"/>
						<line number="2698" hits="0"/>
						<line number="2699" hits="0"/>
						<line number="2700" hits="0"/>
						<line number="2701" hits="0"/>
						<line number="2703" hits="0"/>
						<line number="2704" hits="0"/>
						<line number="2707" hits="0"/>
						<line number="2708" hits="0"/>
						<line number="2709" hits="0"/>
						<line number="2711" hits="1"/>
						<line number="2727" hits="0"/>
						<line number="2728" hits="0"/>
						<line number="2730" hits="0"/>
						<line number="2731" hits="0"/>
						<line number="2732" hits="0"/>
						<line number="2733" hits="0"/>
						<line number="2734" hits="0"/>
						<line number="2735" hits="0"/>
						<line number="2736" hits="0"/>
						<line number="2737" hits="0"/>
						<line number="2740" hits="0"/>
						<line number="2741" hits="0"/>
						<line number="2742" hits="0"/>
						<line number="2743" hits="0"/>
						<line number="2744" hits="0"/>
						<line number="2745" hits="0"/>
						<line number="2746" hits="0"/>
						<line number="2747" hits="0"/>
						<line number="2748" hits="0"/>
						<line number="2749" hits="0"/>
						<line number="2750" hits="0"/>
						<line number="2751" hits="0"/>
						<line number="2752" hits="0"/>
						<line number="2755" hits="0"/>
						<line number="2768" hits="0"/>
						<line number="2769" hits="0"/>
						<line number="2770" hits="0"/>
						<line number="2773" hits="0"/>
						<line number="2774" hits="0"/>
						<line number="2775" hits="0"/>
						<line number="2777" hits="0"/>
						<line number="2778" hits="0"/>
						<line number="2779" hits="0"/>
						<line number="2781" hits="1"/>
						<line number="2791" hits="0"/>
						<line number="2792" hits="0"/>
						<line number="2793" hits="0"/>
						<line number="2796" hits="0"/>
						<line number="2797" hits="0"/>
						<line number="2798" hits="0"/>
						<line number="2799" hits="0"/>
						<line number="2800" hits="0"/>
						<line number="2802" hits="1"/>
						<line number="2804" hits="0"/>
						<line number="2805" hits="0"/>
						<line number="2806" hits="0"/>
						<line number="2808" hits="1"/>
						<line number="2810" hits="0"/>
						<line number="2811" hits="0"/>
						<line number="2812" hits="0"/>
						<line number="2814" hits="0"/>
						<line number="2815" hits="0"/>
						<line number="2817" hits="0"/>
						<line number="2818" hits="0"/>
						<line number="2819" hits="0"/>
						<line number="2821" hits="1"/>
						<line number="2823" hits="0"/>
						<line number="2825" hits="0"/>
						<line number="2829" hits="0"/>
						<line number="2830" hits="0"/>
						<line number="2831" hits="0"/>
						<line number="2832" hits="0"/>
						<line number="2833" hits="0"/>
						<line number="2834" hits="0"/>
						<line number="2835" hits="0"/>
						<line number="2836" hits="0"/>
						<line number="2837" hits="0"/>
						<line number="2838" hits="0"/>
						<line number="2839" hits="0"/>
						<line number="2841" hits="1"/>
						<line number="2843" hits="0"/>
						<line number="2845" hits="0"/>
						<line number="2846" hits="0"/>
						<line number="2847" hits="0"/>
						<line number="2849" hits="0"/>
						<line number="2856" hits="0"/>
						<line number="2857" hits="0"/>
						<line number="2858" hits="0"/>
						<line number="2859" hits="0"/>
						<line number="2863" hits="1"/>
						<line number="2865" hits="0"/>
						<line number="2866" hits="0"/>
						<line number="2869" hits="0"/>
						<line number="2870" hits="0"/>
						<line number="2881" hits="0"/>
						<line number="2882" hits="0"/>
						<line number="2883" hits="0"/>
						<line number="2884" hits="0"/>
						<line number="2885" hits="0"/>
						<line number="2888" hits="0"/>
						<line number="2889" hits="0"/>
						<line number="2917" hits="0"/>
						<line number="2918" hits="0"/>
						<line number="2919" hits="0"/>
						<line number="2920" hits="0"/>
						<line number="2921" hits="0"/>
						<line number="2924" hits="0"/>
						<line number="2925" hits="0"/>
						<line number="2935" hits="0"/>
						<line number="2936" hits="0"/>
						<line number="2937" hits="0"/>
						<line number="2938" hits="0"/>
						<line number="2939" hits="0"/>
						<line number="2941" hits="0"/>
						<line number="2942" hits="0"/>
						<line number="2943" hits="0"/>
						<line number="2944" hits="0"/>
						<line number="2947" hits="1"/>
						<line number="2949" hits="0"/>
						<line number="2951" hits="0"/>
						<line number="2954" hits="0"/>
						<line number="2955" hits="0"/>
						<line number="2956" hits="0"/>
						<line number="2957" hits="0"/>
						<line number="2960" hits="0"/>
						<line number="2961" hits="0"/>
						<line number="2964" hits="0"/>
						<line number="2965" hits="0"/>
						<line number="2967" hits="0"/>
						<line number="2968" hits="0"/>
						<line number="2969" hits="0"/>
						<line number="2971" hits="0"/>
						<line number="2972" hits="0"/>
						<line number="2974" hits="0"/>
						<line number="2975" hits="0"/>
						<line number="2978" hits="0"/>
						<line number="2979" hits="0"/>
						<line number="2980" hits="0"/>
						<line number="2982" hits="1"/>
						<line number="2984" hits="0"/>
						<line number="2986" hits="0"/>
						<line number="2988" hits="0"/>
						<line number="2990" hits="0"/>
						<line number="2991" hits="0"/>
						<line number="2992" hits="0"/>
						<line number="2993" hits="0"/>
						<line number="2995" hits="0"/>
						<line number="2997" hits="0"/>
						<line number="2999" hits="0"/>
						<line number="3001" hits="0"/>
						<line number="3002" hits="0"/>
						<line number="3003" hits="0"/>
						<line number="3004" hits="0"/>
						<line number="3005" hits="0"/>
						<line number="3007" hits="0"/>
						<line number="3009" hits="0"/>
						<line number="3010" hits="0"/>
						<line number="3011" hits="0"/>
						<line number="3012" hits="0"/>
						<line number="3013" hits="0"/>
						<line number="3017" hits="0"/>
						<line number="3018" hits="0"/>
						<line number="3021" hits="0"/>
						<line number="3022" hits="0"/>
						<line number="3023" hits="0"/>
						<line number="3025" hits="0"/>
						<line number="3026" hits="0"/>
						<line number="3028" hits="1"/>
						<line number="3030" hits="0"/>
						<line number="3032" hits="0"/>
						<line number="3033" hits="0"/>
						<line number="3035" hits="0"/>
						<line number="3036" hits="0"/>
						<line number="3039" hits="0"/>
						<line number="3040" hits="0"/>
						<line number="3043" hits="0"/>
						<line number="3046" hits="0"/>
						<line number="3047" hits="0"/>
						<line number="3049" hits="0"/>
						<line number="3055" hits="1"/>
						<line number="3060" hits="0"/>
						<line number="3061" hits="0"/>
						<line number="3063" hits="0"/>
						<line number="3064" hits="0"/>
						<line number="3065" hits="0"/>
						<line number="3066" hits="0"/>
						<line number="3067" hits="0"/>
						<line number="3070" hits="0"/>
						<line number="3071" hits="0"/>
						<line number="3072" hits="0"/>
						<line number="3073" hits="0"/>
						<line number="3074" hits="0"/>
						<line number="3075" hits="0"/>
						<line number="3076" hits="0"/>
						<line number="3079" hits="0"/>
						<line number="3080" hits="0"/>
						<line number="3084" hits="0"/>
						<line number="3085" hits="0"/>
						<line number="3086" hits="0"/>
						<line number="3089" hits="0"/>
						<line number="3090" hits="0"/>
						<line number="3091" hits="0"/>
						<line number="3092" hits="0"/>
						<line number="3093" hits="0"/>
						<line number="3094" hits="0"/>
						<line number="3095" hits="0"/>
						<line number="3096" hits="0"/>
						<line number="3097" hits="0"/>
						<line number="3099" hits="0"/>
						<line number="3100" hits="0"/>
						<line number="3102" hits="0"/>
						<line number="3103" hits="0"/>
						<line number="3104" hits="0"/>
						<line number="3106" hits="0"/>
						<line number="3108" hits="1"/>
						<line number="3113" hits="0"/>
						<line number="3114" hits="0"/>
						<line number="3133" hits="0"/>
						<line number="3134" hits="0"/>
						<line number="3136" hits="0"/>
						<line number="3137" hits="0"/>
						<line number="3138" hits="0"/>
						<line number="3139" hits="0"/>
						<line number="3140" hits="0"/>
						<line number="3142" hits="1"/>
						<line number="3146" hits="0"/>
						<line number="3147" hits="0"/>
						<line number="3161" hits="0"/>
						<line number="3162" hits="0"/>
						<line number="3163" hits="0"/>
						<line number="3164" hits="0"/>
						<line number="3165" hits="0"/>
						<line number="3166" hits="0"/>
						<line number="3168" hits="1"/>
						<line number="3173" hits="0"/>
						<line number="3174" hits="0"/>
						<line number="3204" hits="0"/>
						<line number="3205" hits="0"/>
						<line number="3206" hits="0"/>
						<line number="3207" hits="0"/>
						<line number="3208" hits="0"/>
						<line number="3209" hits="0"/>
						<line number="3211" hits="1"/>
						<line number="3216" hits="0"/>
						<line number="3217" hits="0"/>
						<line number="3246" hits="0"/>
						<line number="3247" hits="0"/>
						<line number="3248" hits="0"/>
						<line number="3249" hits="0"/>
						<line number="3250" hits="0"/>
						<line number="3251" hits="0"/>
						<line number="3253" hits="1"/>
						<line number="3258" hits="0"/>
						<line number="3259" hits="0"/>
						<line number="3260" hits="0"/>
						<line number="3273" hits="0"/>
						<line number="3274" hits="0"/>
						<line number="3275" hits="0"/>
						<line number="3276" hits="0"/>
						<line number="3279" hits="0"/>
						<line number="3280" hits="0"/>
						<line number="3282" hits="0"/>
						<line number="3284" hits="1"/>
						<line number="3288" hits="0"/>
						<line number="3289" hits="0"/>
						<line number="3290" hits="0"/>
						<line number="3295" hits="0"/>
						<line number="3296" hits="0"/>
						<line number="3297" hits="0"/>
						<line number="3298" hits="0"/>
						<line number="3299" hits="0"/>
						<line number="3302" hits="1"/>
						<line number="3304" hits="0"/>
						<line number="3305" hits="0"/>
						<line number="3344" hits="0"/>
						<line number="3345" hits="0"/>
						<line number="3346" hits="0"/>
						<line number="3347" hits="0"/>
						<line number="3348" hits="0"/>
						<line number="3349" hits="0"/>
						<line number="3350" hits="0"/>
						<line number="3353" hits="1"/>
						<line number="3355" hits="0"/>
						<line number="3358" hits="0"/>
						<line number="3370" hits="0"/>
						<line number="3371" hits="0"/>
						<line number="3374" hits="0"/>
						<line number="3384" hits="0"/>
						<line number="3385" hits="0"/>
						<line number="3388" hits="0"/>
						<line number="3390" hits="1"/>
						<line number="3393" hits="0"/>
						<line number="3394" hits="0"/>
						<line number="3397" hits="0"/>
						<line number="3403" hits="0"/>
						<line number="3404" hits="0"/>
						<line number="3405" hits="0"/>
						<line number="3407" hits="1"/>
						<line number="3409" hits="0"/>
						<line number="3410" hits="0"/>
						<line number="3411" hits="0"/>
						<line number="3412" hits="0"/>
						<line number="3415" hits="0"/>
						<line number="3429" hits="0"/>
						<line number="3430" hits="0"/>
						<line number="3431" hits="0"/>
						<line number="3432" hits="0"/>
						<line number="3433" hits="0"/>
						<line number="3434" hits="0"/>
						<line number="3435" hits="0"/>
						<line number="3437" hits="0"/>
						<line number="3438" hits="0"/>
						<line number="3439" hits="0"/>
						<line number="3441" hits="0"/>
						<line number="3442" hits="0"/>
						<line number="3445" hits="0"/>
						<line number="3448" hits="0"/>
						<line number="3449" hits="0"/>
						<line number="3450" hits="0"/>
						<line number="3451" hits="0"/>
						<line number="3456" hits="0"/>
						<line number="3457" hits="0"/>
						<line number="3458" hits="0"/>
						<line number="3461" hits="0"/>
						<line number="3464" hits="0"/>
						<line number="3465" hits="0"/>
						<line number="3466" hits="0"/>
						<line number="3467" hits="0"/>
						<line number="3469" hits="0"/>
						<line number="3472" hits="0"/>
						<line number="3473" hits="0"/>
						<line number="3476" hits="0"/>
						<line number="3477" hits="0"/>
						<line number="3478" hits="0"/>
						<line number="3479" hits="0"/>
						<line number="3480" hits="0"/>
						<line number="3481" hits="0"/>
						<line number="3482" hits="0"/>
						<line number="3483" hits="0"/>
						<line number="3484" hits="0"/>
						<line number="3485" hits="0"/>
						<line number="3496" hits="0"/>
						<line number="3497" hits="0"/>
						<line number="3498" hits="0"/>
						<line number="3501" hits="0"/>
						<line number="3502" hits="0"/>
						<line number="3503" hits="0"/>
						<line number="3504" hits="0"/>
						<line number="3507" hits="0"/>
						<line number="3508" hits="0"/>
						<line number="3509" hits="0"/>
						<line number="3510" hits="0"/>
						<line number="3513" hits="0"/>
						<line number="3514" hits="0"/>
						<line number="3515" hits="0"/>
						<line number="3516" hits="0"/>
						<line number="3517" hits="0"/>
						<line number="3519" hits="0"/>
						<line number="3521" hits="0"/>
						<line number="3522" hits="0"/>
						<line number="3526" hits="0"/>
						<line number="3527" hits="0"/>
						<line number="3528" hits="0"/>
						<line number="3531" hits="0"/>
						<line number="3532" hits="0"/>
						<line number="3533" hits="0"/>
						<line number="3534" hits="0"/>
						<line number="3535" hits="0"/>
						<line number="3538" hits="0"/>
						<line number="3539" hits="0"/>
						<line number="3540" hits="0"/>
						<line number="3542" hits="0"/>
						<line number="3543" hits="0"/>
						<line number="3544" hits="0"/>
						<line number="3545" hits="0"/>
						<line number="3547" hits="0"/>
						<line number="3548" hits="0"/>
						<line number="3549" hits="0"/>
						<line number="3552" hits="0"/>
						<line number="3553" hits="0"/>
						<line number="3554" hits="0"/>
						<line number="3556" hits="0"/>
						<line number="3557" hits="0"/>
						<line number="3558" hits="0"/>
						<line number="3559" hits="0"/>
						<line number="3561" hits="0"/>
						<line number="3562" hits="0"/>
						<line number="3563" hits="0"/>
						<line number="3566" hits="0"/>
						<line number="3567" hits="0"/>
						<line number="3568" hits="0"/>
						<line number="3569" hits="0"/>
						<line number="3572" hits="0"/>
						<line number="3573" hits="0"/>
						<line number="3574" hits="0"/>
						<line number="3576" hits="0"/>
						<line number="3577" hits="0"/>
						<line number="3578" hits="0"/>
						<line number="3581" hits="0"/>
						<line number="3582" hits="0"/>
						<line number="3583" hits="0"/>
						<line number="3606" hits="0"/>
						<line number="3607" hits="0"/>
						<line number="3608" hits="0"/>
						<line number="3611" hits="0"/>
						<line number="3612" hits="0"/>
						<line number="3614" hits="0"/>
						<line number="3615" hits="0"/>
						<line number="3616" hits="0"/>
						<line number="3617" hits="0"/>
						<line number="3618" hits="0"/>
						<line number="3619" hits="0"/>
						<line number="3620" hits="0"/>
						<line number="3621" hits="0"/>
						<line number="3622" hits="0"/>
						<line number="3623" hits="0"/>
						<line number="3625" hits="0"/>
						<line number="3627" hits="0"/>
						<line number="3642" hits="0"/>
						<line number="3644" hits="0"/>
						<line number="3645" hits="0"/>
						<line number="3646" hits="0"/>
						<line number="3648" hits="0"/>
						<line number="3650" hits="0"/>
						<line number="3651" hits="0"/>
						<line number="3653" hits="0"/>
						<line number="3693" hits="0"/>
						<line number="3695" hits="0"/>
						<line number="3696" hits="0"/>
						<line number="3699" hits="0"/>
						<line number="3700" hits="0"/>
						<line number="3723" hits="0"/>
						<line number="3726" hits="0"/>
						<line number="3800" hits="0"/>
						<line number="3801" hits="0"/>
						<line number="3802" hits="0"/>
						<line number="3803" hits="0"/>
						<line number="3806" hits="0"/>
						<line number="3807" hits="0"/>
						<line number="3809" hits="0"/>
						<line number="3810" hits="0"/>
						<line number="3811" hits="0"/>
						<line number="3812" hits="0"/>
						<line number="3813" hits="0"/>
						<line number="3814" hits="0"/>
						<line number="3817" hits="0"/>
						<line number="3818" hits="0"/>
						<line number="3819" hits="0"/>
						<line number="3820" hits="0"/>
						<line number="3821" hits="0"/>
						<line number="3822" hits="0"/>
						<line number="3824" hits="0"/>
						<line number="3825" hits="0"/>
						<line number="3826" hits="0"/>
						<line number="3827" hits="0"/>
						<line number="3828" hits="0"/>
						<line number="3829" hits="0"/>
						<line number="3830" hits="0"/>
						<line number="3831" hits="0"/>
						<line number="3832" hits="0"/>
						<line number="3835" hits="0"/>
						<line number="3836" hits="0"/>
						<line number="3837" hits="0"/>
						<line number="3838" hits="0"/>
						<line number="3841" hits="0"/>
						<line number="3842" hits="0"/>
						<line number="3843" hits="0"/>
						<line number="3844" hits="0"/>
						<line number="3845" hits="0"/>
						<line number="3846" hits="0"/>
						<line number="3847" hits="0"/>
						<line number="3849" hits="0"/>
						<line number="3859" hits="0"/>
						<line number="3860" hits="0"/>
						<line number="3861" hits="0"/>
						<line number="3863" hits="0"/>
						<line number="3864" hits="0"/>
						<line number="3865" hits="0"/>
						<line number="3866" hits="0"/>
						<line number="3867" hits="0"/>
						<line number="3868" hits="0"/>
						<line number="3869" hits="0"/>
						<line number="3871" hits="0"/>
						<line number="3872" hits="0"/>
						<line number="3873" hits="0"/>
						<line number="3876" hits="0"/>
						<line number="3877" hits="0"/>
						<line number="3878" hits="0"/>
						<line number="3879" hits="0"/>
						<line number="3882" hits="0"/>
						<line number="3883" hits="0"/>
						<line number="3884" hits="0"/>
						<line number="3885" hits="0"/>
						<line number="3886" hits="0"/>
						<line number="3887" hits="0"/>
						<line number="3888" hits="0"/>
						<line number="3889" hits="0"/>
						<line number="3890" hits="0"/>
						<line number="3891" hits="0"/>
						<line number="3892" hits="0"/>
						<line number="3894" hits="0"/>
						<line number="3895" hits="0"/>
						<line number="3898" hits="0"/>
						<line number="3900" hits="0"/>
						<line number="3901" hits="0"/>
						<line number="3902" hits="0"/>
						<line number="3903" hits="0"/>
						<line number="3905" hits="0"/>
						<line number="3906" hits="0"/>
						<line number="3907" hits="0"/>
						<line number="3908" hits="0"/>
						<line number="3909" hits="0"/>
						<line number="3910" hits="0"/>
						<line number="3911" hits="0"/>
						<line number="3914" hits="0"/>
						<line number="3917" hits="0"/>
						<line number="3918" hits="0"/>
						<line number="3920" hits="0"/>
						<line number="3940" hits="0"/>
						<line number="3941" hits="0"/>
						<line number="3943" hits="0"/>
						<line number="3946" hits="0"/>
						<line number="3953" hits="0"/>
						<line number="3954" hits="0"/>
						<line number="3955" hits="0"/>
						<line number="3956" hits="0"/>
						<line number="3957" hits="0"/>
						<line number="3960" hits="0"/>
						<line number="3973" hits="0"/>
						<line number="3974" hits="0"/>
						<line number="3976" hits="0"/>
						<line number="3995" hits="0"/>
						<line number="3996" hits="0"/>
						<line number="3998" hits="0"/>
						<line number="3999" hits="0"/>
						<line number="4002" hits="0"/>
						<line number="4003" hits="0"/>
						<line number="4004" hits="0"/>
						<line number="4005" hits="0"/>
						<line number="4006" hits="0"/>
						<line number="4009" hits="0"/>
						<line number="4010" hits="0"/>
						<line number="4011" hits="0"/>
						<line number="4012" hits="0"/>
						<line number="4013" hits="0"/>
						<line number="4014" hits="0"/>
						<line number="4015" hits="0"/>
						<line number="4018" hits="0"/>
						<line number="4019" hits="0"/>
						<line number="4020" hits="0"/>
						<line number="4021" hits="0"/>
						<line number="4022" hits="0"/>
						<line number="4024" hits="0"/>
						<line number="4025" hits="0"/>
						<line number="4027" hits="0"/>
						<line number="4028" hits="0"/>
						<line number="4029" hits="0"/>
						<line number="4030" hits="0"/>
						<line number="4032" hits="0"/>
						<line number="4033" hits="0"/>
						<line number="4034" hits="0"/>
						<line number="4035" hits="0"/>
						<line number="4037" hits="0"/>
						<line number="4039" hits="0"/>
						<line number="4040" hits="0"/>
						<line number="4041" hits="0"/>
						<line number="4042" hits="0"/>
						<line number="4045" hits="0"/>
						<line number="4046" hits="0"/>
						<line number="4048" hits="0"/>
						<line number="4068" hits="0"/>
						<line number="4069" hits="0"/>
						<line number="4070" hits="0"/>
						<line number="4071" hits="0"/>
						<line number="4072" hits="0"/>
						<line number="4073" hits="0"/>
						<line number="4074" hits="0"/>
						<line number="4075" hits="0"/>
						<line number="4078" hits="0"/>
						<line number="4079" hits="0"/>
						<line number="4080" hits="0"/>
						<line number="4081" hits="0"/>
						<line number="4084" hits="0"/>
						<line number="4085" hits="0"/>
						<line number="4086" hits="0"/>
						<line number="4087" hits="0"/>
						<line number="4088" hits="0"/>
						<line number="4089" hits="0"/>
						<line number="4095" hits="0"/>
						<line number="4096" hits="0"/>
						<line number="4097" hits="0"/>
						<line number="4098" hits="0"/>
						<line number="4099" hits="0"/>
						<line number="4100" hits="0"/>
						<line number="4101" hits="0"/>
						<line number="4102" hits="0"/>
						<line number="4103" hits="0"/>
						<line number="4104" hits="0"/>
						<line number="4105" hits="0"/>
						<line number="4106" hits="0"/>
						<line number="4107" hits="0"/>
						<line number="4108" hits="0"/>
						<line number="4109" hits="0"/>
						<line number="4110" hits="0"/>
						<line number="4111" hits="0"/>
						<line number="4112" hits="0"/>
						<line number="4113" hits="0"/>
						<line number="4114" hits="0"/>
						<line number="4115" hits="0"/>
						<line number="4116" hits="0"/>
						<line number="4117" hits="0"/>
						<line number="4119" hits="0"/>
						<line number="4120" hits="0"/>
						<line number="4121" hits="0"/>
						<line number="4122" hits="0"/>
						<line number="4123" hits="0"/>
						<line number="4128" hits="0"/>
						<line number="4131" hits="0"/>
						<line number="4132" hits="0"/>
						<line number="4133" hits="0"/>
						<line number="4145" hits="0"/>
						<line number="4147" hits="0"/>
						<line number="4148" hits="0"/>
						<line number="4152" hits="0"/>
						<line number="4159" hits="0"/>
						<line number="4161" hits="0"/>
						<line number="4162" hits="0"/>
						<line number="4164" hits="0"/>
						<line number="4165" hits="0"/>
						<line number="4166" hits="0"/>
						<line number="4167" hits="0"/>
						<line number="4168" hits="0"/>
						<line number="4169" hits="0"/>
						<line number="4170" hits="0"/>
						<line number="4172" hits="0"/>
						<line number="4174" hits="0"/>
						<line number="4177" hits="0"/>
						<line number="4178" hits="0"/>
						<line number="4203" hits="0"/>
						<line number="4204" hits="0"/>
						<line number="4205" hits="0"/>
						<line number="4206" hits="0"/>
						<line number="4208" hits="0"/>
						<line number="4209" hits="0"/>
						<line number="4210" hits="0"/>
						<line number="4211" hits="0"/>
						<line number="4212" hits="0"/>
						<line number="4214" hits="0"/>
						<line number="4217" hits="0"/>
						<line number="4218" hits="0"/>
						<line number="4219" hits="0"/>
						<line number="4220" hits="0"/>
						<line number="4221" hits="0"/>
						<line number="4222" hits="0"/>
						<line number="4223" hits="0"/>
						<line number="4226" hits="0"/>
						<line number="4234" hits="0"/>
						<line number="4236" hits="0"/>
						<line number="4239" hits="0"/>
						<line number="4246" hits="0"/>
						<line number="4248" hits="0"/>
						<line number="4249" hits="0"/>
						<line number="4250" hits="0"/>
						<line number="4252" hits="0"/>
						<line number="4253" hits="0"/>
						<line number="4254" hits="0"/>
						<line number="4255" hits="0"/>
						<line number="4256" hits="0"/>
						<line number="4257" hits="0"/>
						<line number="4258" hits="0"/>
						<line number="4260" hits="0"/>
						<line number="4262" hits="0"/>
						<line number="4265" hits="0"/>
						<line number="4266" hits="0"/>
						<line number="4291" hits="0"/>
						<line number="4292" hits="0"/>
						<line number="4293" hits="0"/>
						<line number="4294" hits="0"/>
						<line number="4296" hits="0"/>
						<line number="4297" hits="0"/>
						<line number="4298" hits="0"/>
						<line number="4299" hits="0"/>
						<line number="4301" hits="0"/>
						<line number="4302" hits="0"/>
						<line number="4305" hits="0"/>
						<line number="4306" hits="0"/>
						<line number="4307" hits="0"/>
						<line number="4309" hits="0"/>
						<line number="4366" hits="0"/>
						<line number="4368" hits="0"/>
						<line number="4369" hits="0"/>
						<line number="4372" hits="0"/>
						<line number="4373" hits="0"/>
						<line number="4374" hits="0"/>
						<line number="4375" hits="0"/>
						<line number="4376" hits="0"/>
						<line number="4378" hits="0"/>
						<line number="4379" hits="0"/>
						<line number="4381" hits="0"/>
						<line number="4384" hits="0"/>
						<line number="4385" hits="0"/>
						<line number="4386" hits="0"/>
						<line number="4387" hits="0"/>
						<line number="4389" hits="0"/>
						<line number="4390" hits="0"/>
						<line number="4393" hits="0"/>
						<line number="4394" hits="0"/>
						<line number="4415" hits="0"/>
						<line number="4417" hits="0"/>
						<line number="4418" hits="0"/>
						<line number="4419" hits="0"/>
						<line number="4420" hits="0"/>
						<line number="4423" hits="0"/>
						<line number="4424" hits="0"/>
						<line number="4426" hits="0"/>
						<line number="4427" hits="0"/>
						<line number="4428" hits="0"/>
						<line number="4429" hits="0"/>
						<line number="4431" hits="0"/>
						<line number="4433" hits="0"/>
						<line number="4436" hits="0"/>
						<line number="4438" hits="0"/>
						<line number="4439" hits="0"/>
						<line number="4441" hits="0"/>
						<line number="4443" hits="0"/>
						<line number="4444" hits="0"/>
						<line number="4447" hits="0"/>
						<line number="4448" hits="0"/>
						<line number="4449" hits="0"/>
						<line number="4477" hits="0"/>
						<line number="4478" hits="0"/>
						<line number="4479" hits="0"/>
						<line number="4481" hits="0"/>
						<line number="4483" hits="0"/>
						<line number="4484" hits="0"/>
						<line number="4486" hits="0"/>
						<line number="4487" hits="0"/>
						<line number="4490" hits="0"/>
						<line number="4492" hits="0"/>
						<line number="4493" hits="0"/>
						<line number="4494" hits="0"/>
						<line number="4495" hits="0"/>
						<line number="4496" hits="0"/>
						<line number="4498" hits="0"/>
						<line number="4499" hits="0"/>
						<line number="4500" hits="0"/>
						<line number="4525" hits="0"/>
						<line number="4526" hits="0"/>
						<line number="4528" hits="0"/>
						<line number="4529" hits="0"/>
						<line number="4530" hits="0"/>
						<line number="4532" hits="0"/>
						<line number="4534" hits="0"/>
						<line number="4536" hits="0"/>
						<line number="4537" hits="0"/>
						<line number="4540" hits="0"/>
						<line number="4541" hits="0"/>
						<line number="4542" hits="0"/>
						<line number="4544" hits="0"/>
						<line number="4564" hits="0"/>
						<line number="4566" hits="0"/>
						<line number="4567" hits="0"/>
						<line number="4570" hits="0"/>
						<line number="4580" hits="0"/>
						<line number="4581" hits="0"/>
						<line number="4583" hits="0"/>
						<line number="4585" hits="0"/>
						<line number="4586" hits="0"/>
						<line number="4588" hits="0"/>
						<line number="4589" hits="0"/>
						<line number="4590" hits="0"/>
						<line number="4592" hits="0"/>
						<line number="4593" hits="0"/>
						<line number="4597" hits="0"/>
						<line number="4599" hits="0"/>
						<line number="4600" hits="0"/>
[...]
						<line number="206" hits="0"/>
						<line number="207" hits="0"/>
						<line number="209" hits="1"/>
						<line number="210" hits="0"/>
						<line number="211" hits="0"/>
						<line number="212" hits="0"/>
						<line number="213" hits="0"/>
						<line number="214" hits="0"/>
						<line number="216" hits="1"/>
						<line number="222" hits="0"/>
						<line number="223" hits="0"/>
						<line number="224" hits="0"/>
						<line number="226" hits="0"/>
						<line number="227" hits="0"/>
						<line number="228" hits="0"/>
						<line number="230" hits="0"/>
						<line number="232" hits="1"/>
						<line number="233" hits="0"/>
						<line number="235" hits="0"/>
						<line number="236" hits="0"/>
						<line number="237" hits="0"/>
						<line number="238" hits="0"/>
						<line number="239" hits="0"/>
						<line number="240" hits="0"/>
						<line number="241" hits="0"/>
						<line number="243" hits="0"/>
						<line number="245" hits="1"/>
						<line number="246" hits="0"/>
						<line number="249" hits="1"/>
						<line number="252" hits="1"/>
						<line number="257" hits="1"/>
						<line number="258" hits="1"/>
						<line number="260" hits="1"/>
						<line number="268" hits="0"/>
						<line number="269" hits="0"/>
						<line number="270" hits="0"/>
						<line number="279" hits="0"/>
						<line number="280" hits="0"/>
						<line number="281" hits="0"/>
						<line number="282" hits="0"/>
						<line number="283" hits="0"/>
						<line number="292" hits="0"/>
						<line number="293" hits="0"/>
						<line number="294" hits="0"/>
						<line number="295" hits="0"/>
						<line number="296" hits="0"/>
						<line number="297" hits="0"/>
						<line number="298" hits="0"/>
						<line number="299" hits="0"/>
						<line number="308" hits="0"/>
						<line number="309" hits="0"/>
						<line number="310" hits="0"/>
						<line number="319" hits="0"/>
						<line number="328" hits="1"/>
						<line number="329" hits="0"/>
						<line number="330" hits="0"/>
						<line number="331" hits="0"/>
						<line number="332" hits="0"/>
						<line number="333" hits="0"/>
						<line number="334" hits="0"/>
						<line number="335" hits="0"/>
						<line number="337" hits="1"/>
						<line number="338" hits="0"/>
						<line number="339" hits="0"/>
						<line number="340" hits="0"/>
						<line number="341" hits="0"/>
						<line number="342" hits="0"/>
						<line number="343" hits="0"/>
						<line number="345" hits="0"/>
						<line number="346" hits="0"/>
						<line number="347" hits="0"/>
						<line number="348" hits="0"/>
						<line number="349" hits="0"/>
						<line number="351" hits="0"/>
						<line number="353" hits="1"/>
						<line number="361" hits="0"/>
						<line number="368" hits="0"/>
						<line number="374" hits="0"/>
						<line number="375" hits="0"/>
						<line number="378" hits="1"/>
						<line number="383" hits="1"/>
						<line number="384" hits="1"/>
						<line number="385" hits="1"/>
						<line number="387" hits="1"/>
						<line number="390" hits="1"/>
						<line number="393" hits="1"/>
						<line number="398" hits="1"/>
						<line number="408" hits="0"/>
						<line number="418" hits="0"/>
						<line number="426" hits="1"/>
						<line number="434" hits="0"/>
						<line number="442" hits="1"/>
						<line number="443" hits="0"/>
						<line number="444" hits="0"/>
						<line number="445" hits="0"/>
						<line number="446" hits="0"/>
						<line number="448" hits="1"/>
						<line number="449" hits="0"/>
						<line number="450" hits="0"/>
						<line number="452" hits="0"/>
					</lines>
				</class>
				<class name="semantic_matcher.py" filename="sentinel/semantic_matcher.py" complexity="0" line-rate="0.1786" branch-rate="0">
					<methods/>
					<lines>
						<line number="8" hits="1"/>
						<line number="9" hits="1"/>
						<line number="12" hits="1"/>
						<line number="18" hits="1"/>
						<line number="126" hits="1"/>
						<line number="163" hits="1"/>
						<line number="170" hits="0"/>
						<line number="171" hits="0"/>
						<line number="173" hits="0"/>
						<line number="174" hits="0"/>
						<line number="175" hits="0"/>
						<line number="177" hits="0"/>
						<line number="178" hits="0"/>
						<line number="180" hits="0"/>
						<line number="181" hits="0"/>
						<line number="183" hits="0"/>
						<line number="184" hits="0"/>
						<line number="185" hits="0"/>
						<line number="188" hits="0"/>
						<line number="189" hits="0"/>
						<line number="190" hits="0"/>
						<line number="192" hits="0"/>
						<line number="193" hits="0"/>
						<line number="194" hits="0"/>
						<line number="196" hits="0"/>
						<line number="198" hits="1"/>
						<line number="200" hits="0"/>
						<line number="201" hits="0"/>
						<line number="202" hits="0"/>
						<line number="204" hits="1"/>
						<line number="206" hits="0"/>
						<line number="207" hits="0"/>
						<line number="208" hits="0"/>
						<line number="210" hits="1"/>
						<line number="217" hits="0"/>
						<line number="219" hits="0"/>
						<line number="220" hits="0"/>
						<line number="221" hits="0"/>
						<line number="222" hits="0"/>
						<line number="224" hits="0"/>
						<line number="225" hits="0"/>
						<line number="227" hits="0"/>
						<line number="229" hits="1"/>
						<line number="236" hits="0"/>
						<line number="237" hits="0"/>
						<line number="238" hits="0"/>
						<line number="239" hits="0"/>
						<line number="241" hits="1"/>
						<line number="254" hits="0"/>
						<line number="255" hits="0"/>
						<line number="257" hits="0"/>
						<line number="258" hits="0"/>
						<line number="261" hits="0"/>
						<line number="262" hits="0"/>
						<line number="264" hits="0"/>
						<line number="265" hits="0"/>
						<line number="268" hits="0"/>
						<line number="269" hits="0"/>
						<line number="271" hits="1"/>
						<line number="278" hits="0"/>
						<line number="279" hits="0"/>
						<line number="282" hits="0"/>
						<line number="288" hits="0"/>
						<line number="289" hits="0"/>
						<line number="290" hits="0"/>
						<line number="293" hits="0"/>
						<line number="294" hits="0"/>
						<line number="295" hits="0"/>
						<line number="296" hits="0"/>
						<line number="299" hits="0"/>
						<line number="300" hits="0"/>
						<line number="301" hits="0"/>
						<line number="303" hits="0"/>
						<line number="305" hits="1"/>
						<line number="307" hits="0"/>
						<line number="308" hits="0"/>
						<line number="309" hits="0"/>
						<line number="311" hits="1"/>
						<line number="319" hits="0"/>
						<line number="325" hits="1"/>
						<line number="327" hits="0"/>
						<line number="328" hits="0"/>
						<line number="330" hits="0"/>
						<line number="334" hits="0"/>
					</lines>
				</class>
				<class name="smart_element_handler.py" filename="sentinel/smart_element_handler.py" complexity="0" line-rate="0" branch-rate="0">
					<methods/>
					<lines>
						<line number="11" hits="0"/>
						<line number="12" hits="0"/>
						<line number="13" hits="0"/>
						<line number="14" hits="0"/>
						<line number="15" hits="0"/>
						<line number="17" hits="0"/>
						<line number="22" hits="0"/>
						<line number="23" hits="0"/>
						<line number="24" hits="0"/>
						<line number="25" hits="0"/>
						<line number="26" hits="0"/>
						<line number="27" hits="0"/>
						<line number="28" hits="0"/>
						<line number="29" hits="0"/>
						<line number="30" hits="0"/>
						<line number="31" hits="0"/>
						<line number="32" hits="0"/>
						<line number="33" hits="0"/>
						<line number="36" hits="0"/>
						<line number="41" hits="0"/>
						<line number="42" hits="0"/>
						<line number="44" hits="0"/>
						<line number="45" hits="0"/>
						<line number="46" hits="0"/>
						<line number="48" hits="0"/>
						<line number="49" hits="0"/>
						<line number="51" hits="0"/>
						<line number="52" hits="0"/>
						<line number="54" hits="0"/>
						<line number="55" hits="0"/>
						<line number="57" hits="0"/>
						<line number="67" hits="0"/>
						<line number="69" hits="0"/>
						<line number="71" hits="0"/>
						<line number="72" hits="0"/>
						<line number="73" hits="0"/>
						<line number="75" hits="0"/>
						<line number="76" hits="0"/>
						<line number="77" hits="0"/>
						<line number="79" hits="0"/>
						<line number="80" hits="0"/>
						<line number="81" hits="0"/>
						<line number="82" hits="0"/>
						<line number="83" hits="0"/>
						<line number="84" hits="0"/>
						<line number="85" hits="0"/>
						<line number="86" hits="0"/>
						<line number="87" hits="0"/>
						<line number="89" hits="0"/>
						<line number="91" hits="0"/>
						<line number="92" hits="0"/>
						<line number="104" hits="0"/>
						<line number="106" hits="0"/>
						<line number="107" hits="0"/>
						<line number="108" hits="0"/>
						<line number="109" hits="0"/>
						<line number="111" hits="0"/>
						<line number="133" hits="0"/>
						<line number="135" hits="0"/>
						<line number="136" hits="0"/>
						<line number="138" hits="0"/>
						<line number="139" hits="0"/>
						<line number="160" hits="0"/>
						<line number="162" hits="0"/>
						<line number="163" hits="0"/>
						<line number="169" hits="0"/>
						<line number="170" hits="0"/>
						<line number="171" hits="0"/>
						<line number="172" hits="0"/>
						<line number="173" hits="0"/>
						<line number="179" hits="0"/>
						<line number="180" hits="0"/>
						<line number="182" hits="0"/>
						<line number="188" hits="0"/>
						<line number="190" hits="0"/>
						<line number="191" hits="0"/>
						<line number="193" hits="0"/>
						<line number="201" hits="0"/>
						<line number="202" hits="0"/>
						<line number="204" hits="0"/>
						<line number="211" hits="0"/>
						<line number="212" hits="0"/>
						<line number="213" hits="0"/>
						<line number="214" hits="0"/>
						<line number="215" hits="0"/>
						<line number="216" hits="0"/>
						<line number="217" hits="0"/>
						<line number="219" hits="0"/>
						<line number="221" hits="0"/>
						<line number="223" hits="0"/>
						<line number="225" hits="0"/>
						<line number="226" hits="0"/>
						<line number="227" hits="0"/>
						<line number="229" hits="0"/>
						<line number="230" hits="0"/>
						<line number="231" hits="0"/>
						<line number="233" hits="0"/>
						<line number="234" hits="0"/>
						<line number="235" hits="0"/>
						<line number="236" hits="0"/>
						<line number="237" hits="0"/>
						<line number="238" hits="0"/>
						<line number="239" hits="0"/>
						<line number="240" hits="0"/>
						<line number="241" hits="0"/>
						<line number="243" hits="0"/>
						<line number="250" hits="0"/>
						<line number="251" hits="0"/>
						<line number="253" hits="0"/>
						<line number="255" hits="0"/>
						<line number="256" hits="0"/>
						<line number="257" hits="0"/>
						<line number="258" hits="0"/>
						<line number="259" hits="0"/>
						<line number="260" hits="0"/>
						<line number="261" hits="0"/>
						<line number="262" hits="0"/>
						<line number="263" hits="0"/>
						<line number="265" hits="0"/>
						<line number="273" hits="0"/>
						<line number="274" hits="0"/>
						<line number="276" hits="0"/>
						<line number="277" hits="0"/>
						<line number="279" hits="0"/>
						<line number="280" hits="0"/>
						<line number="281" hits="0"/>
						<line number="282" hits="0"/>
						<line number="284" hits="0"/>
						<line number="285" hits="0"/>
						<line number="286" hits="0"/>
						<line number="288" hits="0"/>
						<line number="289" hits="0"/>
						<line number="290" hits="0"/>
						<line number="292" hits="0"/>
						<line number="293" hits="0"/>
						<line number="294" hits="0"/>
						<line number="295" hits="0"/>
						<line number="296" hits="0"/>
						<line number="298" hits="0"/>
						<line number="299" hits="0"/>
						<line number="300" hits="0"/>
						<line number="302" hits="0"/>
						<line number="313" hits="0"/>
						<line number="315" hits="0"/>
					</lines>
				</class>
				<class name="test_linkedin_logic.py" filename="sentinel/test_linkedin_logic.py" complexity="0" line-rate="0" branch-rate="0">
					<methods/>
					<lines>
						<line number="2" hits="0"/>
						<line number="3" hits="0"/>
						<line number="4" hits="0"/>
						<line number="6" hits="0"/>
						<line number="8" hits="0"/>
						<line number="11" hits="0"/>
						<line number="12" hits="0"/>
						<line number="13" hits="0"/>
						<line number="14" hits="0"/>
						<line number="16" hits="0"/>
						<line number="18" hits="0"/>
						<line number="19" hits="0"/>
						<line number="25" hits="0"/>
						<line number="26" hits="0"/>
						<line number="27" hits="0"/>
						<line number="28" hits="0"/>
						<line number="30" hits="0"/>
						<line number="31" hits="0"/>
					</lines>
				</class>
				<class name="ui_error_detector.py" filename="sentinel/ui_error_detector.py" complexity="0" line-rate="0" branch-rate="0">
					<methods/>
					<lines>
						<line number="12" hits="0"/>
						<line number="13" hits="0"/>
						<line number="14" hits="0"/>
						<line number="15" hits="0"/>
						<line number="16" hits="0"/>
						<line number="19" hits="0"/>
						<line number="20" hits="0"/>
						<line number="21" hits="0"/>
						<line number="22" hits="0"/>
						<line number="23" hits="0"/>
						<line number="24" hits="0"/>
						<line number="25" hits="0"/>
						<line number="26" hits="0"/>
						<line number="27" hits="0"/>
						<line number="30" hits="0"/>
						<line number="31" hits="0"/>
						<line number="32" hits="0"/>
						<line number="33" hits="0"/>
						<line number="34" hits="0"/>
						<line number="37" hits="0"/>
						<line number="38" hits="0"/>
						<line number="39" hits="0"/>
						<line number="40" hits="0"/>
						<line number="41" hits="0"/>
						<line number="42" hits="0"/>
						<line number="43" hits="0"/>
						<line number="44" hits="0"/>
						<line number="45" hits="0"/>
						<line number="46" hits="0"/>
						<line number="49" hits="0"/>
						<line number="54" hits="0"/>
						<line number="77" hits="0"/>
						<line number="78" hits="0"/>
						<line number="79" hits="0"/>
						<line number="81" hits="0"/>
						<line number="82" hits="0"/>
						<line number="83" hits="0"/>
						<line number="85" hits="0"/>
						<line number="86" hits="0"/>
						<line number="87" hits="0"/>
						<line number="88" hits="0"/>
						<line number="89" hits="0"/>
						<line number="90" hits="0"/>
						<line number="92" hits="0"/>
						<line number="94" hits="0"/>
						<line number="95" hits="0"/>
						<line number="96" hits="0"/>
						<line number="97" hits="0"/>
						<line number="98" hits="0"/>
						<line number="99" hits="0"/>
						<line number="100" hits="0"/>
						<line number="101" hits="0"/>
						<line number="102" hits="0"/>
						<line number="103" hits="0"/>
						<line number="104" hits="0"/>
						<line number="105" hits="0"/>
						<line number="107" hits="0"/>
						<line number="108" hits="0"/>
						<line number="110" hits="0"/>
						<line number="111" hits="0"/>
						<line number="141" hits="0"/>
						<line number="142" hits="0"/>
						<line number="143" hits="0"/>
						<line number="153" hits="0"/>
						<line number="163" hits="0"/>
						<line number="164" hits="0"/>
						<line number="174" hits="0"/>
						<line number="175" hits="0"/>
						<line number="177" hits="0"/>
						<line number="179" hits="0"/>
						<line number="180" hits="0"/>
						<line number="182" hits="0"/>
						<line number="183" hits="0"/>
						<line number="193" hits="0"/>
						<line number="194" hits="0"/>
						<line number="195" hits="0"/>
						<line number="205" hits="0"/>
						<line number="227" hits="0"/>
						<line number="228" hits="0"/>
						<line number="229" hits="0"/>
						<line number="239" hits="0"/>
						<line number="240" hits="0"/>
						<line number="242" hits="0"/>
						<line number="244" hits="0"/>
						<line number="245" hits="0"/>
						<line number="247" hits="0"/>
						<line number="248" hits="0"/>
						<line number="258" hits="0"/>
						<line number="259" hits="0"/>
						<line number="260" hits="0"/>
						<line number="270" hits="0"/>
						<line number="271" hits="0"/>
						<line number="273" hits="0"/>
						<line number="275" hits="0"/>
						<line number="276" hits="0"/>
						<line number="277" hits="0"/>
						<line number="278" hits="0"/>
						<line number="280" hits="0"/>
						<line number="281" hits="0"/>
						<line number="282" hits="0"/>
						<line number="283" hits="0"/>
						<line number="285" hits="0"/>
						<line number="287" hits="0"/>
						<line number="288" hits="0"/>
						<line number="314" hits="0"/>
						<line number="315" hits="0"/>
						<line number="316" hits="0"/>
						<line number="317" hits="0"/>
						<line number="319" hits="0"/>
						<line number="321" hits="0"/>
						<line number="322" hits="0"/>
						<line number="323" hits="0"/>
						<line number="325" hits="0"/>
						<line number="326" hits="0"/>
						<line number="327" hits="0"/>
						<line number="329" hits="0"/>
						<line number="330" hits="0"/>
						<line number="331" hits="0"/>
						<line number="350" hits="0"/>
						<line number="351" hits="0"/>
						<line number="352" hits="0"/>
						<line number="355" hits="0"/>
						<line number="360" hits="0"/>
						<line number="366" hits="0"/>
						<line number="367" hits="0"/>
						<line number="368" hits="0"/>
						<line number="370" hits="0"/>
						<line number="376" hits="0"/>
						<line number="377" hits="0"/>
						<line number="378" hits="0"/>
						<line number="380" hits="0"/>
						<line number="385" hits="0"/>
						<line number="392" hits="0"/>
						<line number="393" hits="0"/>
						<line number="395" hits="0"/>
						<line number="396" hits="0"/>
						<line number="397" hits="0"/>
						<line number="399" hits="0"/>
						<line number="400" hits="0"/>
						<line number="401" hits="0"/>
						<line number="402" hits="0"/>
						<line number="404" hits="0"/>
						<line number="405" hits="0"/>
						<line number="407" hits="0"/>
						<line number="409" hits="0"/>
						<line number="410" hits="0"/>
						<line number="411" hits="0"/>
						<line number="412" hits="0"/>
						<line number="414" hits="0"/>
						<line number="416" hits="0"/>
						<line number="417" hits="0"/>
						<line number="418" hits="0"/>
						<line number="419" hits="0"/>
						<line number="421" hits="0"/>
						<line number="422" hits="0"/>
						<line number="423" hits="0"/>
						<line number="424" hits="0"/>
						<line number="425" hits="0"/>
						<line number="426" hits="0"/>
						<line number="427" hits="0"/>
						<line number="428" hits="0"/>
						<line number="430" hits="0"/>
						<line number="431" hits="0"/>
						<line number="432" hits="0"/>
						<line number="433" hits="0"/>
						<line number="435" hits="0"/>
						<line number="437" hits="0"/>
						<line number="445" hits="0"/>
						<line number="446" hits="0"/>
						<line number="447" hits="0"/>
						<line number="449" hits="0"/>
						<line number="451" hits="0"/>
						<line number="452" hits="0"/>
						<line number="454" hits="0"/>
						<line number="456" hits="0"/>
						<line number="460" hits="0"/>
						<line number="461" hits="0"/>
						<line number="462" hits="0"/>
						<line number="463" hits="0"/>
						<line number="465" hits="0"/>
						<line number="467" hits="0"/>
						<line number="477" hits="0"/>
					</lines>
				</class>
			</classes>
		</package>
		<package name="sentinel.js" line-rate="1" branch-rate="0" complexity="0">
			<classes>
				<class name="__init__.py" filename="sentinel/js/__init__.py" complexity="0" line-rate="1" branch-rate="0">
					<methods/>
					<lines/>
				</class>
			</classes>
		</package>
	</packages>
</coverage>
